<?xml version="1.0" encoding="UTF-8"?>
<testsuites name="testsuitanyar" time="1064.095" tests="30" passed="30" failures="0" errors="0" incompleted="0" skipped="0">
   <testsuite name="testsuitanyar" tests="30" passed="30" failures="0" errors="0" incompleted="0" skipped="0" time="1064.095" timestamp="2026-07-12T18:05:22.296Z" hostname="LENOVO - LAPTOP-HA1VD8R3" id="Test Suites/testsuitanyar" status="PASSED">
      <properties>
         <property name="deviceName" value=""/>
         <property name="devicePlatform"/>
         <property name="logFolder" value="D:\\Capstone\\cuanin\\cuaninowner\\Testing_Cuanin\\Reports\\20260713_010515\\testsuitanyar\\20260713_010516"/>
         <property name="logFiles" value="D:\\Capstone\\cuanin\\cuaninowner\\Testing_Cuanin\\Reports\\20260713_010515\\testsuitanyar\\20260713_010516\\console0.log, D:\\Capstone\\cuanin\\cuaninowner\\Testing_Cuanin\\Reports\\20260713_010515\\testsuitanyar\\20260713_010516\\execution0.log"/>
         <property name="attachments" value=""/>
         <property name="executionBindingVariables" value="[&#xa;  {&#xa;    &quot;value&quot;: &quot;Menu 30&quot;,&#xa;    &quot;isDefault&quot;: false,&#xa;    &quot;name&quot;: &quot;var_nama_baru&quot;,&#xa;    &quot;masked&quot;: false&#xa;  }&#xa;]"/>
         <property name="hostName" value="LENOVO - LAPTOP-HA1VD8R3"/>
         <property name="os" value="Windows 11 64bit"/>
         <property name="katalonVersion" value="11.3.0.0"/>
         <property name="browser" value="Chrome 150.0.7871.101"/>
         <property name="userFullName" value="Dwi tegar Nugraha putra"/>
         <property name="hostAddress" value="10.10.10.9"/>
         <property name="sessionId" value="90b8f01e99c51cf50fa9dc6ba40eb6a5"/>
         <property name="projectName" value="Testing_Cuanin"/>
         <property name="seleniumVersion" value="4.39.0"/>
         <property name="proxyInformation" value="ProxyInformation { proxyOption=NO_PROXY, proxyServerType=HTTP, username=, password=********, proxyServerAddress=, proxyServerPort=0, executionList=&quot;&quot;, isApplyToDesiredCapabilities=true }"/>
         <property name="platform" value="Windows 11"/>
      </properties>
      <testcase name="Test Cases/New Test Case" time="38.869" classname="Test Cases/New Test Case" status="PASSED">
         <properties>
            <property name="data_binding"><![CDATA[{"var_nama_baru":"Menu 1"}]]></property>
         </properties>
         <system-out><![CDATA[13-07-2026T01:05:22 - [TEST_CASE][PASSED] - Test Cases/New Test Case: Test Cases/New Test Case

13-07-2026T01:05:22 - [TEST_STEP][PASSED] - openBrowser(null): Browser is opened with url: 'null'

13-07-2026T01:05:23 - [MESSAGE][INFO] - Starting 'Chrome' driver

13-07-2026T01:05:23 - [MESSAGE][INFO] - Action delay is set to 0 milliseconds

13-07-2026T01:05:25 - [MESSAGE][PASSED] - Browser is opened with url: 'null'

13-07-2026T01:05:25 - [TEST_STEP][PASSED] - navigateToUrl("http://localhost:5173/"): Navigate to 'http://localhost:5173/' successfully

13-07-2026T01:05:26 - [MESSAGE][PASSED] - Navigate to 'http://localhost:5173/' successfully

13-07-2026T01:05:26 - [TEST_STEP][PASSED] - setText(findTestObject("Page_cuaninowner/input_namabisnis.id"), "dwitegar2121@gmail.com"): Text 'dwitegar2121@gmail.com' is set on object 'Object Repository/Page_cuaninowner/input_namabisnis.id'

13-07-2026T01:05:27 - [MESSAGE][PASSED] - Text 'dwitegar2121@gmail.com' is set on object 'Object Repository/Page_cuaninowner/input_namabisnis.id'

13-07-2026T01:05:27 - [TEST_STEP][PASSED] - setEncryptedText(findTestObject("Page_cuaninowner/input_"), "SkBtNjsS+FHxnnrRXbFqtA=="): Text ****** has been set on object 'Object Repository/Page_cuaninowner/input_'

13-07-2026T01:05:27 - [MESSAGE][PASSED] - Text ****** has been set on object 'Object Repository/Page_cuaninowner/input_'

13-07-2026T01:05:27 - [TEST_STEP][PASSED] - setEncryptedText(findTestObject("Page_cuaninowner/input__1"), "SkBtNjsS+FHxnnrRXbFqtA=="): Text ****** has been set on object 'Object Repository/Page_cuaninowner/input__1'

13-07-2026T01:05:28 - [MESSAGE][PASSED] - Text ****** has been set on object 'Object Repository/Page_cuaninowner/input__1'

13-07-2026T01:05:28 - [TEST_STEP][PASSED] - sendKeys(findTestObject("Page_cuaninowner/input__1"), Keys.chord(ENTER)): Keys 'ENTER + ' sent to object: 'Object Repository/Page_cuaninowner/input__1'

13-07-2026T01:05:28 - [MESSAGE][PASSED] - Keys 'ENTER + ' sent to object: 'Object Repository/Page_cuaninowner/input__1'

13-07-2026T01:05:28 - [TEST_STEP][PASSED] - click(findTestObject("Page_cuaninowner/span_Menu Management")): Object: 'Object Repository/Page_cuaninowner/span_Menu Management' is clicked on

13-07-2026T01:05:32 - [MESSAGE][PASSED] - Object: 'Object Repository/Page_cuaninowner/span_Menu Management' is clicked on

13-07-2026T01:05:32 - [TEST_STEP][PASSED] - click(findTestObject("Page_cuaninowner/button_Add New Item")): Object: 'Object Repository/Page_cuaninowner/button_Add New Item' is clicked on

13-07-2026T01:05:33 - [MESSAGE][PASSED] - Object: 'Object Repository/Page_cuaninowner/button_Add New Item' is clicked on

13-07-2026T01:05:33 - [TEST_STEP][PASSED] - setText(findTestObject("Page_cuaninowner/input_Contoh_ Americano Ice"), var_nama_baru): Text 'Menu 1' is set on object 'Object Repository/Page_cuaninowner/input_Contoh_ Americano Ice'

13-07-2026T01:05:34 - [MESSAGE][PASSED] - Text 'Menu 1' is set on object 'Object Repository/Page_cuaninowner/input_Contoh_ Americano Ice'

13-07-2026T01:05:34 - [TEST_STEP][PASSED] - setEncryptedText(findTestObject("Page_cuaninowner/input_"), "rLvs2r7lbdw="): Text ****** has been set on object 'Object Repository/Page_cuaninowner/input_'

13-07-2026T01:05:35 - [MESSAGE][PASSED] - Text ****** has been set on object 'Object Repository/Page_cuaninowner/input_'

13-07-2026T01:05:35 - [TEST_STEP][PASSED] - click(findTestObject("Page_cuaninowner/span_Non-Coffee")): Object: 'Object Repository/Page_cuaninowner/span_Non-Coffee' is clicked on

13-07-2026T01:05:35 - [MESSAGE][PASSED] - Object: 'Object Repository/Page_cuaninowner/span_Non-Coffee' is clicked on

13-07-2026T01:05:35 - [TEST_STEP][PASSED] - click(findTestObject("Page_cuaninowner/span_Tambah Bahan")): Object: 'Object Repository/Page_cuaninowner/span_Tambah Bahan' is clicked on

13-07-2026T01:05:35 - [MESSAGE][PASSED] - Object: 'Object Repository/Page_cuaninowner/span_Tambah Bahan' is clicked on

13-07-2026T01:05:35 - [TEST_STEP][PASSED] - selectOptionByValue(findTestObject("Page_cuaninowner/select_Pilih Stok Bahan -Air MineralAir Mineral"), "83121e1d-3522-4570-b806-31127ed0938d", false): All options with value '83121e1d-3522-4570-b806-31127ed0938d' are selected in object 'Object Repository/Page_cuaninowner/select_Pilih Stok Bahan -Air MineralAir Mineral' 

13-07-2026T01:05:37 - [MESSAGE][PASSED] - All options with value '83121e1d-3522-4570-b806-31127ed0938d' are selected in object 'Object Repository/Page_cuaninowner/select_Pilih Stok Bahan -Air MineralAir Mineral' 

13-07-2026T01:05:37 - [TEST_STEP][PASSED] - selectOptionByValue(findTestObject("Page_cuaninowner/select_Pilih Stok Bahan -Air MineralAir Mineral_1"), "8e6cce60-f6ab-459f-924f-2b1e6c79a01f", false): All options with value '8e6cce60-f6ab-459f-924f-2b1e6c79a01f' are selected in object 'Object Repository/Page_cuaninowner/select_Pilih Stok Bahan -Air MineralAir Mineral_1' 

13-07-2026T01:05:47 - [MESSAGE][WARNING] - The current locator of test object 'Object Repository/Page_cuaninowner/select_Pilih Stok Bahan -Air MineralAir Mineral_1' was broken. Propose an alternative one: '//div[@id='root']/div/div[2]/div[2]/div/div[4]/div/div[2]/div/div[2]/div[2]/div[2]/select'.

13-07-2026T01:05:47 - [MESSAGE][WARNING] - Waiting for element timed out

13-07-2026T01:05:47 - [MESSAGE][PASSED] - All options with value '8e6cce60-f6ab-459f-924f-2b1e6c79a01f' are selected in object 'Object Repository/Page_cuaninowner/select_Pilih Stok Bahan -Air MineralAir Mineral_1' 

13-07-2026T01:05:47 - [TEST_STEP][PASSED] - selectOptionByValue(findTestObject("Page_cuaninowner/select_Pilih Stok Bahan -Air MineralAir Mineral_2"), "b31a8159-969a-4ec8-a869-182f3ff8e044", false): All options with value 'b31a8159-969a-4ec8-a869-182f3ff8e044' are selected in object 'Object Repository/Page_cuaninowner/select_Pilih Stok Bahan -Air MineralAir Mineral_2' 

13-07-2026T01:05:58 - [MESSAGE][WARNING] - The current locator of test object 'Object Repository/Page_cuaninowner/select_Pilih Stok Bahan -Air MineralAir Mineral_2' was broken. Propose an alternative one: '//div[@id='root']/div/div[2]/div[2]/div/div[4]/div/div[2]/div/div[2]/div[2]/div[2]/select'.

13-07-2026T01:05:58 - [MESSAGE][WARNING] - Waiting for element timed out

13-07-2026T01:05:58 - [MESSAGE][PASSED] - All options with value 'b31a8159-969a-4ec8-a869-182f3ff8e044' are selected in object 'Object Repository/Page_cuaninowner/select_Pilih Stok Bahan -Air MineralAir Mineral_2' 

13-07-2026T01:05:58 - [TEST_STEP][PASSED] - click(findTestObject("Page_cuaninowner/input_https")): Object: 'Object Repository/Page_cuaninowner/input_https' is clicked on

13-07-2026T01:05:59 - [MESSAGE][PASSED] - Object: 'Object Repository/Page_cuaninowner/input_https' is clicked on

13-07-2026T01:05:59 - [TEST_STEP][PASSED] - click(findTestObject("Page_cuaninowner/button_Upload")): Object: 'Object Repository/Page_cuaninowner/button_Upload' is clicked on

13-07-2026T01:05:59 - [MESSAGE][PASSED] - Object: 'Object Repository/Page_cuaninowner/button_Upload' is clicked on

13-07-2026T01:05:59 - [TEST_STEP][PASSED] - click(findTestObject("Page_cuaninowner/button_Kamera")): Object: 'Object Repository/Page_cuaninowner/button_Kamera' is clicked on

13-07-2026T01:06:00 - [MESSAGE][PASSED] - Object: 'Object Repository/Page_cuaninowner/button_Kamera' is clicked on

13-07-2026T01:06:00 - [TEST_STEP][PASSED] - click(findTestObject("Page_cuaninowner/button_Ambil Foto")): Object: 'Object Repository/Page_cuaninowner/button_Ambil Foto' is clicked on

13-07-2026T01:06:00 - [MESSAGE][PASSED] - Object: 'Object Repository/Page_cuaninowner/button_Ambil Foto' is clicked on

13-07-2026T01:06:00 - [TEST_STEP][PASSED] - click(findTestObject("Page_cuaninowner/button_Simpan Menu")): Object: 'Object Repository/Page_cuaninowner/button_Simpan Menu' is clicked on

13-07-2026T01:06:01 - [MESSAGE][PASSED] - Object: 'Object Repository/Page_cuaninowner/button_Simpan Menu' is clicked on]]></system-out>
         <system-err><![CDATA[]]></system-err>
      </testcase>
      <testcase name="Test Cases/New Test Case" time="35.868" classname="Test Cases/New Test Case" status="PASSED">
         <properties>
            <property name="data_binding"><![CDATA[{"var_nama_baru":"Menu 2"}]]></property>
         </properties>
         <system-out><![CDATA[13-07-2026T01:06:01 - [TEST_CASE][PASSED] - Test Cases/New Test Case: Test Cases/New Test Case

13-07-2026T01:06:01 - [TEST_STEP][PASSED] - openBrowser(null): Browser is opened with url: 'null'

13-07-2026T01:06:01 - [MESSAGE][WARNING] - A browser is already opened. Closing browser and opening a new one

13-07-2026T01:06:02 - [MESSAGE][INFO] - Starting 'Chrome' driver

13-07-2026T01:06:02 - [MESSAGE][INFO] - Action delay is set to 0 milliseconds

13-07-2026T01:06:03 - [MESSAGE][PASSED] - Browser is opened with url: 'null'

13-07-2026T01:06:03 - [TEST_STEP][PASSED] - navigateToUrl("http://localhost:5173/"): Navigate to 'http://localhost:5173/' successfully

13-07-2026T01:06:03 - [MESSAGE][PASSED] - Navigate to 'http://localhost:5173/' successfully

13-07-2026T01:06:03 - [TEST_STEP][PASSED] - setText(findTestObject("Page_cuaninowner/input_namabisnis.id"), "dwitegar2121@gmail.com"): Text 'dwitegar2121@gmail.com' is set on object 'Object Repository/Page_cuaninowner/input_namabisnis.id'

13-07-2026T01:06:04 - [MESSAGE][PASSED] - Text 'dwitegar2121@gmail.com' is set on object 'Object Repository/Page_cuaninowner/input_namabisnis.id'

13-07-2026T01:06:04 - [TEST_STEP][PASSED] - setEncryptedText(findTestObject("Page_cuaninowner/input_"), "SkBtNjsS+FHxnnrRXbFqtA=="): Text ****** has been set on object 'Object Repository/Page_cuaninowner/input_'

13-07-2026T01:06:05 - [MESSAGE][PASSED] - Text ****** has been set on object 'Object Repository/Page_cuaninowner/input_'

13-07-2026T01:06:05 - [TEST_STEP][PASSED] - setEncryptedText(findTestObject("Page_cuaninowner/input__1"), "SkBtNjsS+FHxnnrRXbFqtA=="): Text ****** has been set on object 'Object Repository/Page_cuaninowner/input__1'

13-07-2026T01:06:05 - [MESSAGE][PASSED] - Text ****** has been set on object 'Object Repository/Page_cuaninowner/input__1'

13-07-2026T01:06:05 - [TEST_STEP][PASSED] - sendKeys(findTestObject("Page_cuaninowner/input__1"), Keys.chord(ENTER)): Keys 'ENTER + ' sent to object: 'Object Repository/Page_cuaninowner/input__1'

13-07-2026T01:06:05 - [MESSAGE][PASSED] - Keys 'ENTER + ' sent to object: 'Object Repository/Page_cuaninowner/input__1'

13-07-2026T01:06:05 - [TEST_STEP][PASSED] - click(findTestObject("Page_cuaninowner/span_Menu Management")): Object: 'Object Repository/Page_cuaninowner/span_Menu Management' is clicked on

13-07-2026T01:06:08 - [MESSAGE][PASSED] - Object: 'Object Repository/Page_cuaninowner/span_Menu Management' is clicked on

13-07-2026T01:06:08 - [TEST_STEP][PASSED] - click(findTestObject("Page_cuaninowner/button_Add New Item")): Object: 'Object Repository/Page_cuaninowner/button_Add New Item' is clicked on

13-07-2026T01:06:09 - [MESSAGE][PASSED] - Object: 'Object Repository/Page_cuaninowner/button_Add New Item' is clicked on

13-07-2026T01:06:09 - [TEST_STEP][PASSED] - setText(findTestObject("Page_cuaninowner/input_Contoh_ Americano Ice"), var_nama_baru): Text 'Menu 2' is set on object 'Object Repository/Page_cuaninowner/input_Contoh_ Americano Ice'

13-07-2026T01:06:10 - [MESSAGE][PASSED] - Text 'Menu 2' is set on object 'Object Repository/Page_cuaninowner/input_Contoh_ Americano Ice'

13-07-2026T01:06:10 - [TEST_STEP][PASSED] - setEncryptedText(findTestObject("Page_cuaninowner/input_"), "rLvs2r7lbdw="): Text ****** has been set on object 'Object Repository/Page_cuaninowner/input_'

13-07-2026T01:06:11 - [MESSAGE][PASSED] - Text ****** has been set on object 'Object Repository/Page_cuaninowner/input_'

13-07-2026T01:06:11 - [TEST_STEP][PASSED] - click(findTestObject("Page_cuaninowner/span_Non-Coffee")): Object: 'Object Repository/Page_cuaninowner/span_Non-Coffee' is clicked on

13-07-2026T01:06:11 - [MESSAGE][PASSED] - Object: 'Object Repository/Page_cuaninowner/span_Non-Coffee' is clicked on

13-07-2026T01:06:11 - [TEST_STEP][PASSED] - click(findTestObject("Page_cuaninowner/span_Tambah Bahan")): Object: 'Object Repository/Page_cuaninowner/span_Tambah Bahan' is clicked on

13-07-2026T01:06:11 - [MESSAGE][PASSED] - Object: 'Object Repository/Page_cuaninowner/span_Tambah Bahan' is clicked on

13-07-2026T01:06:11 - [TEST_STEP][PASSED] - selectOptionByValue(findTestObject("Page_cuaninowner/select_Pilih Stok Bahan -Air MineralAir Mineral"), "83121e1d-3522-4570-b806-31127ed0938d", false): All options with value '83121e1d-3522-4570-b806-31127ed0938d' are selected in object 'Object Repository/Page_cuaninowner/select_Pilih Stok Bahan -Air MineralAir Mineral' 

13-07-2026T01:06:12 - [MESSAGE][PASSED] - All options with value '83121e1d-3522-4570-b806-31127ed0938d' are selected in object 'Object Repository/Page_cuaninowner/select_Pilih Stok Bahan -Air MineralAir Mineral' 

13-07-2026T01:06:12 - [TEST_STEP][PASSED] - selectOptionByValue(findTestObject("Page_cuaninowner/select_Pilih Stok Bahan -Air MineralAir Mineral_1"), "8e6cce60-f6ab-459f-924f-2b1e6c79a01f", false): All options with value '8e6cce60-f6ab-459f-924f-2b1e6c79a01f' are selected in object 'Object Repository/Page_cuaninowner/select_Pilih Stok Bahan -Air MineralAir Mineral_1' 

13-07-2026T01:06:23 - [MESSAGE][WARNING] - The current locator of test object 'Object Repository/Page_cuaninowner/select_Pilih Stok Bahan -Air MineralAir Mineral_1' was broken. Propose an alternative one: '//div[@id='root']/div/div[2]/div[2]/div/div[4]/div/div[2]/div/div[2]/div[2]/div[2]/select'.

13-07-2026T01:06:23 - [MESSAGE][WARNING] - Waiting for element timed out

13-07-2026T01:06:23 - [MESSAGE][PASSED] - All options with value '8e6cce60-f6ab-459f-924f-2b1e6c79a01f' are selected in object 'Object Repository/Page_cuaninowner/select_Pilih Stok Bahan -Air MineralAir Mineral_1' 

13-07-2026T01:06:23 - [TEST_STEP][PASSED] - selectOptionByValue(findTestObject("Page_cuaninowner/select_Pilih Stok Bahan -Air MineralAir Mineral_2"), "b31a8159-969a-4ec8-a869-182f3ff8e044", false): All options with value 'b31a8159-969a-4ec8-a869-182f3ff8e044' are selected in object 'Object Repository/Page_cuaninowner/select_Pilih Stok Bahan -Air MineralAir Mineral_2' 

13-07-2026T01:06:33 - [MESSAGE][WARNING] - The current locator of test object 'Object Repository/Page_cuaninowner/select_Pilih Stok Bahan -Air MineralAir Mineral_2' was broken. Propose an alternative one: '//div[@id='root']/div/div[2]/div[2]/div/div[4]/div/div[2]/div/div[2]/div[2]/div[2]/select'.

13-07-2026T01:06:33 - [MESSAGE][WARNING] - Waiting for element timed out

13-07-2026T01:06:34 - [MESSAGE][PASSED] - All options with value 'b31a8159-969a-4ec8-a869-182f3ff8e044' are selected in object 'Object Repository/Page_cuaninowner/select_Pilih Stok Bahan -Air MineralAir Mineral_2' 

13-07-2026T01:06:34 - [TEST_STEP][PASSED] - click(findTestObject("Page_cuaninowner/input_https")): Object: 'Object Repository/Page_cuaninowner/input_https' is clicked on

13-07-2026T01:06:34 - [MESSAGE][PASSED] - Object: 'Object Repository/Page_cuaninowner/input_https' is clicked on

13-07-2026T01:06:34 - [TEST_STEP][PASSED] - click(findTestObject("Page_cuaninowner/button_Upload")): Object: 'Object Repository/Page_cuaninowner/button_Upload' is clicked on

13-07-2026T01:06:35 - [MESSAGE][PASSED] - Object: 'Object Repository/Page_cuaninowner/button_Upload' is clicked on

13-07-2026T01:06:35 - [TEST_STEP][PASSED] - click(findTestObject("Page_cuaninowner/button_Kamera")): Object: 'Object Repository/Page_cuaninowner/button_Kamera' is clicked on

13-07-2026T01:06:36 - [MESSAGE][PASSED] - Object: 'Object Repository/Page_cuaninowner/button_Kamera' is clicked on

13-07-2026T01:06:36 - [TEST_STEP][PASSED] - click(findTestObject("Page_cuaninowner/button_Ambil Foto")): Object: 'Object Repository/Page_cuaninowner/button_Ambil Foto' is clicked on

13-07-2026T01:06:36 - [MESSAGE][PASSED] - Object: 'Object Repository/Page_cuaninowner/button_Ambil Foto' is clicked on

13-07-2026T01:06:36 - [TEST_STEP][PASSED] - click(findTestObject("Page_cuaninowner/button_Simpan Menu")): Object: 'Object Repository/Page_cuaninowner/button_Simpan Menu' is clicked on

13-07-2026T01:06:37 - [MESSAGE][PASSED] - Object: 'Object Repository/Page_cuaninowner/button_Simpan Menu' is clicked on]]></system-out>
         <system-err><![CDATA[]]></system-err>
      </testcase>
      <testcase name="Test Cases/New Test Case" time="35.468" classname="Test Cases/New Test Case" status="PASSED">
         <properties>
            <property name="data_binding"><![CDATA[{"var_nama_baru":"Menu 3"}]]></property>
         </properties>
         <system-out><![CDATA[13-07-2026T01:06:37 - [TEST_CASE][PASSED] - Test Cases/New Test Case: Test Cases/New Test Case

13-07-2026T01:06:37 - [TEST_STEP][PASSED] - openBrowser(null): Browser is opened with url: 'null'

13-07-2026T01:06:37 - [MESSAGE][WARNING] - A browser is already opened. Closing browser and opening a new one

13-07-2026T01:06:37 - [MESSAGE][INFO] - Starting 'Chrome' driver

13-07-2026T01:06:37 - [MESSAGE][INFO] - Action delay is set to 0 milliseconds

13-07-2026T01:06:39 - [MESSAGE][PASSED] - Browser is opened with url: 'null'

13-07-2026T01:06:39 - [TEST_STEP][PASSED] - navigateToUrl("http://localhost:5173/"): Navigate to 'http://localhost:5173/' successfully

13-07-2026T01:06:39 - [MESSAGE][PASSED] - Navigate to 'http://localhost:5173/' successfully

13-07-2026T01:06:39 - [TEST_STEP][PASSED] - setText(findTestObject("Page_cuaninowner/input_namabisnis.id"), "dwitegar2121@gmail.com"): Text 'dwitegar2121@gmail.com' is set on object 'Object Repository/Page_cuaninowner/input_namabisnis.id'

13-07-2026T01:06:40 - [MESSAGE][PASSED] - Text 'dwitegar2121@gmail.com' is set on object 'Object Repository/Page_cuaninowner/input_namabisnis.id'

13-07-2026T01:06:40 - [TEST_STEP][PASSED] - setEncryptedText(findTestObject("Page_cuaninowner/input_"), "SkBtNjsS+FHxnnrRXbFqtA=="): Text ****** has been set on object 'Object Repository/Page_cuaninowner/input_'

13-07-2026T01:06:40 - [MESSAGE][PASSED] - Text ****** has been set on object 'Object Repository/Page_cuaninowner/input_'

13-07-2026T01:06:40 - [TEST_STEP][PASSED] - setEncryptedText(findTestObject("Page_cuaninowner/input__1"), "SkBtNjsS+FHxnnrRXbFqtA=="): Text ****** has been set on object 'Object Repository/Page_cuaninowner/input__1'

13-07-2026T01:06:41 - [MESSAGE][PASSED] - Text ****** has been set on object 'Object Repository/Page_cuaninowner/input__1'

13-07-2026T01:06:41 - [TEST_STEP][PASSED] - sendKeys(findTestObject("Page_cuaninowner/input__1"), Keys.chord(ENTER)): Keys 'ENTER + ' sent to object: 'Object Repository/Page_cuaninowner/input__1'

13-07-2026T01:06:41 - [MESSAGE][PASSED] - Keys 'ENTER + ' sent to object: 'Object Repository/Page_cuaninowner/input__1'

13-07-2026T01:06:41 - [TEST_STEP][PASSED] - click(findTestObject("Page_cuaninowner/span_Menu Management")): Object: 'Object Repository/Page_cuaninowner/span_Menu Management' is clicked on

13-07-2026T01:06:44 - [MESSAGE][PASSED] - Object: 'Object Repository/Page_cuaninowner/span_Menu Management' is clicked on

13-07-2026T01:06:44 - [TEST_STEP][PASSED] - click(findTestObject("Page_cuaninowner/button_Add New Item")): Object: 'Object Repository/Page_cuaninowner/button_Add New Item' is clicked on

13-07-2026T01:06:45 - [MESSAGE][PASSED] - Object: 'Object Repository/Page_cuaninowner/button_Add New Item' is clicked on

13-07-2026T01:06:45 - [TEST_STEP][PASSED] - setText(findTestObject("Page_cuaninowner/input_Contoh_ Americano Ice"), var_nama_baru): Text 'Menu 3' is set on object 'Object Repository/Page_cuaninowner/input_Contoh_ Americano Ice'

13-07-2026T01:06:46 - [MESSAGE][PASSED] - Text 'Menu 3' is set on object 'Object Repository/Page_cuaninowner/input_Contoh_ Americano Ice'

13-07-2026T01:06:46 - [TEST_STEP][PASSED] - setEncryptedText(findTestObject("Page_cuaninowner/input_"), "rLvs2r7lbdw="): Text ****** has been set on object 'Object Repository/Page_cuaninowner/input_'

13-07-2026T01:06:46 - [MESSAGE][PASSED] - Text ****** has been set on object 'Object Repository/Page_cuaninowner/input_'

13-07-2026T01:06:46 - [TEST_STEP][PASSED] - click(findTestObject("Page_cuaninowner/span_Non-Coffee")): Object: 'Object Repository/Page_cuaninowner/span_Non-Coffee' is clicked on

13-07-2026T01:06:47 - [MESSAGE][PASSED] - Object: 'Object Repository/Page_cuaninowner/span_Non-Coffee' is clicked on

13-07-2026T01:06:47 - [TEST_STEP][PASSED] - click(findTestObject("Page_cuaninowner/span_Tambah Bahan")): Object: 'Object Repository/Page_cuaninowner/span_Tambah Bahan' is clicked on

13-07-2026T01:06:47 - [MESSAGE][PASSED] - Object: 'Object Repository/Page_cuaninowner/span_Tambah Bahan' is clicked on

13-07-2026T01:06:47 - [TEST_STEP][PASSED] - selectOptionByValue(findTestObject("Page_cuaninowner/select_Pilih Stok Bahan -Air MineralAir Mineral"), "83121e1d-3522-4570-b806-31127ed0938d", false): All options with value '83121e1d-3522-4570-b806-31127ed0938d' are selected in object 'Object Repository/Page_cuaninowner/select_Pilih Stok Bahan -Air MineralAir Mineral' 

13-07-2026T01:06:48 - [MESSAGE][PASSED] - All options with value '83121e1d-3522-4570-b806-31127ed0938d' are selected in object 'Object Repository/Page_cuaninowner/select_Pilih Stok Bahan -Air MineralAir Mineral' 

13-07-2026T01:06:48 - [TEST_STEP][PASSED] - selectOptionByValue(findTestObject("Page_cuaninowner/select_Pilih Stok Bahan -Air MineralAir Mineral_1"), "8e6cce60-f6ab-459f-924f-2b1e6c79a01f", false): All options with value '8e6cce60-f6ab-459f-924f-2b1e6c79a01f' are selected in object 'Object Repository/Page_cuaninowner/select_Pilih Stok Bahan -Air MineralAir Mineral_1' 

13-07-2026T01:06:58 - [MESSAGE][WARNING] - The current locator of test object 'Object Repository/Page_cuaninowner/select_Pilih Stok Bahan -Air MineralAir Mineral_1' was broken. Propose an alternative one: '//div[@id='root']/div/div[2]/div[2]/div/div[4]/div/div[2]/div/div[2]/div[2]/div[2]/select'.

13-07-2026T01:06:58 - [MESSAGE][WARNING] - Waiting for element timed out

13-07-2026T01:06:59 - [MESSAGE][PASSED] - All options with value '8e6cce60-f6ab-459f-924f-2b1e6c79a01f' are selected in object 'Object Repository/Page_cuaninowner/select_Pilih Stok Bahan -Air MineralAir Mineral_1' 

13-07-2026T01:06:59 - [TEST_STEP][PASSED] - selectOptionByValue(findTestObject("Page_cuaninowner/select_Pilih Stok Bahan -Air MineralAir Mineral_2"), "b31a8159-969a-4ec8-a869-182f3ff8e044", false): All options with value 'b31a8159-969a-4ec8-a869-182f3ff8e044' are selected in object 'Object Repository/Page_cuaninowner/select_Pilih Stok Bahan -Air MineralAir Mineral_2' 

13-07-2026T01:07:09 - [MESSAGE][WARNING] - The current locator of test object 'Object Repository/Page_cuaninowner/select_Pilih Stok Bahan -Air MineralAir Mineral_2' was broken. Propose an alternative one: '//div[@id='root']/div/div[2]/div[2]/div/div[4]/div/div[2]/div/div[2]/div[2]/div[2]/select'.

13-07-2026T01:07:09 - [MESSAGE][WARNING] - Waiting for element timed out

13-07-2026T01:07:09 - [MESSAGE][PASSED] - All options with value 'b31a8159-969a-4ec8-a869-182f3ff8e044' are selected in object 'Object Repository/Page_cuaninowner/select_Pilih Stok Bahan -Air MineralAir Mineral_2' 

13-07-2026T01:07:09 - [TEST_STEP][PASSED] - click(findTestObject("Page_cuaninowner/input_https")): Object: 'Object Repository/Page_cuaninowner/input_https' is clicked on

13-07-2026T01:07:10 - [MESSAGE][PASSED] - Object: 'Object Repository/Page_cuaninowner/input_https' is clicked on

13-07-2026T01:07:10 - [TEST_STEP][PASSED] - click(findTestObject("Page_cuaninowner/button_Upload")): Object: 'Object Repository/Page_cuaninowner/button_Upload' is clicked on

13-07-2026T01:07:11 - [MESSAGE][PASSED] - Object: 'Object Repository/Page_cuaninowner/button_Upload' is clicked on

13-07-2026T01:07:11 - [TEST_STEP][PASSED] - click(findTestObject("Page_cuaninowner/button_Kamera")): Object: 'Object Repository/Page_cuaninowner/button_Kamera' is clicked on

13-07-2026T01:07:11 - [MESSAGE][PASSED] - Object: 'Object Repository/Page_cuaninowner/button_Kamera' is clicked on

13-07-2026T01:07:11 - [TEST_STEP][PASSED] - click(findTestObject("Page_cuaninowner/button_Ambil Foto")): Object: 'Object Repository/Page_cuaninowner/button_Ambil Foto' is clicked on

13-07-2026T01:07:12 - [MESSAGE][PASSED] - Object: 'Object Repository/Page_cuaninowner/button_Ambil Foto' is clicked on

13-07-2026T01:07:12 - [TEST_STEP][PASSED] - click(findTestObject("Page_cuaninowner/button_Simpan Menu")): Object: 'Object Repository/Page_cuaninowner/button_Simpan Menu' is clicked on

13-07-2026T01:07:12 - [MESSAGE][PASSED] - Object: 'Object Repository/Page_cuaninowner/button_Simpan Menu' is clicked on]]></system-out>
         <system-err><![CDATA[]]></system-err>
      </testcase>
      <testcase name="Test Cases/New Test Case" time="35.11" classname="Test Cases/New Test Case" status="PASSED">
         <properties>
            <property name="data_binding"><![CDATA[{"var_nama_baru":"Menu 4"}]]></property>
         </properties>
         <system-out><![CDATA[13-07-2026T01:07:12 - [TEST_CASE][PASSED] - Test Cases/New Test Case: Test Cases/New Test Case

13-07-2026T01:07:12 - [TEST_STEP][PASSED] - openBrowser(null): Browser is opened with url: 'null'

13-07-2026T01:07:12 - [MESSAGE][WARNING] - A browser is already opened. Closing browser and opening a new one

13-07-2026T01:07:13 - [MESSAGE][INFO] - Starting 'Chrome' driver

13-07-2026T01:07:13 - [MESSAGE][INFO] - Action delay is set to 0 milliseconds

13-07-2026T01:07:14 - [MESSAGE][PASSED] - Browser is opened with url: 'null'

13-07-2026T01:07:14 - [TEST_STEP][PASSED] - navigateToUrl("http://localhost:5173/"): Navigate to 'http://localhost:5173/' successfully

13-07-2026T01:07:14 - [MESSAGE][PASSED] - Navigate to 'http://localhost:5173/' successfully

13-07-2026T01:07:14 - [TEST_STEP][PASSED] - setText(findTestObject("Page_cuaninowner/input_namabisnis.id"), "dwitegar2121@gmail.com"): Text 'dwitegar2121@gmail.com' is set on object 'Object Repository/Page_cuaninowner/input_namabisnis.id'

13-07-2026T01:07:15 - [MESSAGE][PASSED] - Text 'dwitegar2121@gmail.com' is set on object 'Object Repository/Page_cuaninowner/input_namabisnis.id'

13-07-2026T01:07:15 - [TEST_STEP][PASSED] - setEncryptedText(findTestObject("Page_cuaninowner/input_"), "SkBtNjsS+FHxnnrRXbFqtA=="): Text ****** has been set on object 'Object Repository/Page_cuaninowner/input_'

13-07-2026T01:07:16 - [MESSAGE][PASSED] - Text ****** has been set on object 'Object Repository/Page_cuaninowner/input_'

13-07-2026T01:07:16 - [TEST_STEP][PASSED] - setEncryptedText(findTestObject("Page_cuaninowner/input__1"), "SkBtNjsS+FHxnnrRXbFqtA=="): Text ****** has been set on object 'Object Repository/Page_cuaninowner/input__1'

13-07-2026T01:07:16 - [MESSAGE][PASSED] - Text ****** has been set on object 'Object Repository/Page_cuaninowner/input__1'

13-07-2026T01:07:16 - [TEST_STEP][PASSED] - sendKeys(findTestObject("Page_cuaninowner/input__1"), Keys.chord(ENTER)): Keys 'ENTER + ' sent to object: 'Object Repository/Page_cuaninowner/input__1'

13-07-2026T01:07:17 - [MESSAGE][PASSED] - Keys 'ENTER + ' sent to object: 'Object Repository/Page_cuaninowner/input__1'

13-07-2026T01:07:17 - [TEST_STEP][PASSED] - click(findTestObject("Page_cuaninowner/span_Menu Management")): Object: 'Object Repository/Page_cuaninowner/span_Menu Management' is clicked on

13-07-2026T01:07:19 - [MESSAGE][PASSED] - Object: 'Object Repository/Page_cuaninowner/span_Menu Management' is clicked on

13-07-2026T01:07:19 - [TEST_STEP][PASSED] - click(findTestObject("Page_cuaninowner/button_Add New Item")): Object: 'Object Repository/Page_cuaninowner/button_Add New Item' is clicked on

13-07-2026T01:07:20 - [MESSAGE][PASSED] - Object: 'Object Repository/Page_cuaninowner/button_Add New Item' is clicked on

13-07-2026T01:07:20 - [TEST_STEP][PASSED] - setText(findTestObject("Page_cuaninowner/input_Contoh_ Americano Ice"), var_nama_baru): Text 'Menu 4' is set on object 'Object Repository/Page_cuaninowner/input_Contoh_ Americano Ice'

13-07-2026T01:07:21 - [MESSAGE][PASSED] - Text 'Menu 4' is set on object 'Object Repository/Page_cuaninowner/input_Contoh_ Americano Ice'

13-07-2026T01:07:21 - [TEST_STEP][PASSED] - setEncryptedText(findTestObject("Page_cuaninowner/input_"), "rLvs2r7lbdw="): Text ****** has been set on object 'Object Repository/Page_cuaninowner/input_'

13-07-2026T01:07:22 - [MESSAGE][PASSED] - Text ****** has been set on object 'Object Repository/Page_cuaninowner/input_'

13-07-2026T01:07:22 - [TEST_STEP][PASSED] - click(findTestObject("Page_cuaninowner/span_Non-Coffee")): Object: 'Object Repository/Page_cuaninowner/span_Non-Coffee' is clicked on

13-07-2026T01:07:22 - [MESSAGE][PASSED] - Object: 'Object Repository/Page_cuaninowner/span_Non-Coffee' is clicked on

13-07-2026T01:07:22 - [TEST_STEP][PASSED] - click(findTestObject("Page_cuaninowner/span_Tambah Bahan")): Object: 'Object Repository/Page_cuaninowner/span_Tambah Bahan' is clicked on

13-07-2026T01:07:22 - [MESSAGE][PASSED] - Object: 'Object Repository/Page_cuaninowner/span_Tambah Bahan' is clicked on

13-07-2026T01:07:22 - [TEST_STEP][PASSED] - selectOptionByValue(findTestObject("Page_cuaninowner/select_Pilih Stok Bahan -Air MineralAir Mineral"), "83121e1d-3522-4570-b806-31127ed0938d", false): All options with value '83121e1d-3522-4570-b806-31127ed0938d' are selected in object 'Object Repository/Page_cuaninowner/select_Pilih Stok Bahan -Air MineralAir Mineral' 

13-07-2026T01:07:23 - [MESSAGE][PASSED] - All options with value '83121e1d-3522-4570-b806-31127ed0938d' are selected in object 'Object Repository/Page_cuaninowner/select_Pilih Stok Bahan -Air MineralAir Mineral' 

13-07-2026T01:07:23 - [TEST_STEP][PASSED] - selectOptionByValue(findTestObject("Page_cuaninowner/select_Pilih Stok Bahan -Air MineralAir Mineral_1"), "8e6cce60-f6ab-459f-924f-2b1e6c79a01f", false): All options with value '8e6cce60-f6ab-459f-924f-2b1e6c79a01f' are selected in object 'Object Repository/Page_cuaninowner/select_Pilih Stok Bahan -Air MineralAir Mineral_1' 

13-07-2026T01:07:34 - [MESSAGE][WARNING] - The current locator of test object 'Object Repository/Page_cuaninowner/select_Pilih Stok Bahan -Air MineralAir Mineral_1' was broken. Propose an alternative one: '//div[@id='root']/div/div[2]/div[2]/div/div[4]/div/div[2]/div/div[2]/div[2]/div[2]/select'.

13-07-2026T01:07:34 - [MESSAGE][WARNING] - Waiting for element timed out

13-07-2026T01:07:34 - [MESSAGE][PASSED] - All options with value '8e6cce60-f6ab-459f-924f-2b1e6c79a01f' are selected in object 'Object Repository/Page_cuaninowner/select_Pilih Stok Bahan -Air MineralAir Mineral_1' 

13-07-2026T01:07:34 - [TEST_STEP][PASSED] - selectOptionByValue(findTestObject("Page_cuaninowner/select_Pilih Stok Bahan -Air MineralAir Mineral_2"), "b31a8159-969a-4ec8-a869-182f3ff8e044", false): All options with value 'b31a8159-969a-4ec8-a869-182f3ff8e044' are selected in object 'Object Repository/Page_cuaninowner/select_Pilih Stok Bahan -Air MineralAir Mineral_2' 

13-07-2026T01:07:44 - [MESSAGE][WARNING] - The current locator of test object 'Object Repository/Page_cuaninowner/select_Pilih Stok Bahan -Air MineralAir Mineral_2' was broken. Propose an alternative one: '//div[@id='root']/div/div[2]/div[2]/div/div[4]/div/div[2]/div/div[2]/div[2]/div[2]/select'.

13-07-2026T01:07:44 - [MESSAGE][WARNING] - Waiting for element timed out

13-07-2026T01:07:45 - [MESSAGE][PASSED] - All options with value 'b31a8159-969a-4ec8-a869-182f3ff8e044' are selected in object 'Object Repository/Page_cuaninowner/select_Pilih Stok Bahan -Air MineralAir Mineral_2' 

13-07-2026T01:07:45 - [TEST_STEP][PASSED] - click(findTestObject("Page_cuaninowner/input_https")): Object: 'Object Repository/Page_cuaninowner/input_https' is clicked on

13-07-2026T01:07:45 - [MESSAGE][PASSED] - Object: 'Object Repository/Page_cuaninowner/input_https' is clicked on

13-07-2026T01:07:45 - [TEST_STEP][PASSED] - click(findTestObject("Page_cuaninowner/button_Upload")): Object: 'Object Repository/Page_cuaninowner/button_Upload' is clicked on

13-07-2026T01:07:46 - [MESSAGE][PASSED] - Object: 'Object Repository/Page_cuaninowner/button_Upload' is clicked on

13-07-2026T01:07:46 - [TEST_STEP][PASSED] - click(findTestObject("Page_cuaninowner/button_Kamera")): Object: 'Object Repository/Page_cuaninowner/button_Kamera' is clicked on

13-07-2026T01:07:46 - [MESSAGE][PASSED] - Object: 'Object Repository/Page_cuaninowner/button_Kamera' is clicked on

13-07-2026T01:07:46 - [TEST_STEP][PASSED] - click(findTestObject("Page_cuaninowner/button_Ambil Foto")): Object: 'Object Repository/Page_cuaninowner/button_Ambil Foto' is clicked on

13-07-2026T01:07:47 - [MESSAGE][PASSED] - Object: 'Object Repository/Page_cuaninowner/button_Ambil Foto' is clicked on

13-07-2026T01:07:47 - [TEST_STEP][PASSED] - click(findTestObject("Page_cuaninowner/button_Simpan Menu")): Object: 'Object Repository/Page_cuaninowner/button_Simpan Menu' is clicked on

13-07-2026T01:07:47 - [MESSAGE][PASSED] - Object: 'Object Repository/Page_cuaninowner/button_Simpan Menu' is clicked on]]></system-out>
         <system-err><![CDATA[]]></system-err>
      </testcase>
      <testcase name="Test Cases/New Test Case" time="35.457" classname="Test Cases/New Test Case" status="PASSED">
         <properties>
            <property name="data_binding"><![CDATA[{"var_nama_baru":"Menu 5"}]]></property>
         </properties>
         <system-out><![CDATA[13-07-2026T01:07:47 - [TEST_CASE][PASSED] - Test Cases/New Test Case: Test Cases/New Test Case

13-07-2026T01:07:47 - [TEST_STEP][PASSED] - openBrowser(null): Browser is opened with url: 'null'

13-07-2026T01:07:47 - [MESSAGE][WARNING] - A browser is already opened. Closing browser and opening a new one

13-07-2026T01:07:48 - [MESSAGE][INFO] - Starting 'Chrome' driver

13-07-2026T01:07:48 - [MESSAGE][INFO] - Action delay is set to 0 milliseconds

13-07-2026T01:07:49 - [MESSAGE][PASSED] - Browser is opened with url: 'null'

13-07-2026T01:07:49 - [TEST_STEP][PASSED] - navigateToUrl("http://localhost:5173/"): Navigate to 'http://localhost:5173/' successfully

13-07-2026T01:07:50 - [MESSAGE][PASSED] - Navigate to 'http://localhost:5173/' successfully

13-07-2026T01:07:50 - [TEST_STEP][PASSED] - setText(findTestObject("Page_cuaninowner/input_namabisnis.id"), "dwitegar2121@gmail.com"): Text 'dwitegar2121@gmail.com' is set on object 'Object Repository/Page_cuaninowner/input_namabisnis.id'

13-07-2026T01:07:51 - [MESSAGE][PASSED] - Text 'dwitegar2121@gmail.com' is set on object 'Object Repository/Page_cuaninowner/input_namabisnis.id'

13-07-2026T01:07:51 - [TEST_STEP][PASSED] - setEncryptedText(findTestObject("Page_cuaninowner/input_"), "SkBtNjsS+FHxnnrRXbFqtA=="): Text ****** has been set on object 'Object Repository/Page_cuaninowner/input_'

13-07-2026T01:07:51 - [MESSAGE][PASSED] - Text ****** has been set on object 'Object Repository/Page_cuaninowner/input_'

13-07-2026T01:07:51 - [TEST_STEP][PASSED] - setEncryptedText(findTestObject("Page_cuaninowner/input__1"), "SkBtNjsS+FHxnnrRXbFqtA=="): Text ****** has been set on object 'Object Repository/Page_cuaninowner/input__1'

13-07-2026T01:07:51 - [MESSAGE][PASSED] - Text ****** has been set on object 'Object Repository/Page_cuaninowner/input__1'

13-07-2026T01:07:51 - [TEST_STEP][PASSED] - sendKeys(findTestObject("Page_cuaninowner/input__1"), Keys.chord(ENTER)): Keys 'ENTER + ' sent to object: 'Object Repository/Page_cuaninowner/input__1'

13-07-2026T01:07:52 - [MESSAGE][PASSED] - Keys 'ENTER + ' sent to object: 'Object Repository/Page_cuaninowner/input__1'

13-07-2026T01:07:52 - [TEST_STEP][PASSED] - click(findTestObject("Page_cuaninowner/span_Menu Management")): Object: 'Object Repository/Page_cuaninowner/span_Menu Management' is clicked on

13-07-2026T01:07:54 - [MESSAGE][PASSED] - Object: 'Object Repository/Page_cuaninowner/span_Menu Management' is clicked on

13-07-2026T01:07:54 - [TEST_STEP][PASSED] - click(findTestObject("Page_cuaninowner/button_Add New Item")): Object: 'Object Repository/Page_cuaninowner/button_Add New Item' is clicked on

13-07-2026T01:07:55 - [MESSAGE][PASSED] - Object: 'Object Repository/Page_cuaninowner/button_Add New Item' is clicked on

13-07-2026T01:07:55 - [TEST_STEP][PASSED] - setText(findTestObject("Page_cuaninowner/input_Contoh_ Americano Ice"), var_nama_baru): Text 'Menu 5' is set on object 'Object Repository/Page_cuaninowner/input_Contoh_ Americano Ice'

13-07-2026T01:07:56 - [MESSAGE][PASSED] - Text 'Menu 5' is set on object 'Object Repository/Page_cuaninowner/input_Contoh_ Americano Ice'

13-07-2026T01:07:56 - [TEST_STEP][PASSED] - setEncryptedText(findTestObject("Page_cuaninowner/input_"), "rLvs2r7lbdw="): Text ****** has been set on object 'Object Repository/Page_cuaninowner/input_'

13-07-2026T01:07:57 - [MESSAGE][PASSED] - Text ****** has been set on object 'Object Repository/Page_cuaninowner/input_'

13-07-2026T01:07:57 - [TEST_STEP][PASSED] - click(findTestObject("Page_cuaninowner/span_Non-Coffee")): Object: 'Object Repository/Page_cuaninowner/span_Non-Coffee' is clicked on

13-07-2026T01:07:57 - [MESSAGE][PASSED] - Object: 'Object Repository/Page_cuaninowner/span_Non-Coffee' is clicked on

13-07-2026T01:07:57 - [TEST_STEP][PASSED] - click(findTestObject("Page_cuaninowner/span_Tambah Bahan")): Object: 'Object Repository/Page_cuaninowner/span_Tambah Bahan' is clicked on

13-07-2026T01:07:58 - [MESSAGE][PASSED] - Object: 'Object Repository/Page_cuaninowner/span_Tambah Bahan' is clicked on

13-07-2026T01:07:58 - [TEST_STEP][PASSED] - selectOptionByValue(findTestObject("Page_cuaninowner/select_Pilih Stok Bahan -Air MineralAir Mineral"), "83121e1d-3522-4570-b806-31127ed0938d", false): All options with value '83121e1d-3522-4570-b806-31127ed0938d' are selected in object 'Object Repository/Page_cuaninowner/select_Pilih Stok Bahan -Air MineralAir Mineral' 

13-07-2026T01:07:59 - [MESSAGE][PASSED] - All options with value '83121e1d-3522-4570-b806-31127ed0938d' are selected in object 'Object Repository/Page_cuaninowner/select_Pilih Stok Bahan -Air MineralAir Mineral' 

13-07-2026T01:07:59 - [TEST_STEP][PASSED] - selectOptionByValue(findTestObject("Page_cuaninowner/select_Pilih Stok Bahan -Air MineralAir Mineral_1"), "8e6cce60-f6ab-459f-924f-2b1e6c79a01f", false): All options with value '8e6cce60-f6ab-459f-924f-2b1e6c79a01f' are selected in object 'Object Repository/Page_cuaninowner/select_Pilih Stok Bahan -Air MineralAir Mineral_1' 

13-07-2026T01:08:09 - [MESSAGE][WARNING] - The current locator of test object 'Object Repository/Page_cuaninowner/select_Pilih Stok Bahan -Air MineralAir Mineral_1' was broken. Propose an alternative one: '//div[@id='root']/div/div[2]/div[2]/div/div[4]/div/div[2]/div/div[2]/div[2]/div[2]/select'.

13-07-2026T01:08:09 - [MESSAGE][WARNING] - Waiting for element timed out

13-07-2026T01:08:09 - [MESSAGE][PASSED] - All options with value '8e6cce60-f6ab-459f-924f-2b1e6c79a01f' are selected in object 'Object Repository/Page_cuaninowner/select_Pilih Stok Bahan -Air MineralAir Mineral_1' 

13-07-2026T01:08:09 - [TEST_STEP][PASSED] - selectOptionByValue(findTestObject("Page_cuaninowner/select_Pilih Stok Bahan -Air MineralAir Mineral_2"), "b31a8159-969a-4ec8-a869-182f3ff8e044", false): All options with value 'b31a8159-969a-4ec8-a869-182f3ff8e044' are selected in object 'Object Repository/Page_cuaninowner/select_Pilih Stok Bahan -Air MineralAir Mineral_2' 

13-07-2026T01:08:20 - [MESSAGE][WARNING] - The current locator of test object 'Object Repository/Page_cuaninowner/select_Pilih Stok Bahan -Air MineralAir Mineral_2' was broken. Propose an alternative one: '//div[@id='root']/div/div[2]/div[2]/div/div[4]/div/div[2]/div/div[2]/div[2]/div[2]/select'.

13-07-2026T01:08:20 - [MESSAGE][WARNING] - Waiting for element timed out

13-07-2026T01:08:20 - [MESSAGE][PASSED] - All options with value 'b31a8159-969a-4ec8-a869-182f3ff8e044' are selected in object 'Object Repository/Page_cuaninowner/select_Pilih Stok Bahan -Air MineralAir Mineral_2' 

13-07-2026T01:08:20 - [TEST_STEP][PASSED] - click(findTestObject("Page_cuaninowner/input_https")): Object: 'Object Repository/Page_cuaninowner/input_https' is clicked on

13-07-2026T01:08:21 - [MESSAGE][PASSED] - Object: 'Object Repository/Page_cuaninowner/input_https' is clicked on

13-07-2026T01:08:21 - [TEST_STEP][PASSED] - click(findTestObject("Page_cuaninowner/button_Upload")): Object: 'Object Repository/Page_cuaninowner/button_Upload' is clicked on

13-07-2026T01:08:21 - [MESSAGE][PASSED] - Object: 'Object Repository/Page_cuaninowner/button_Upload' is clicked on

13-07-2026T01:08:21 - [TEST_STEP][PASSED] - click(findTestObject("Page_cuaninowner/button_Kamera")): Object: 'Object Repository/Page_cuaninowner/button_Kamera' is clicked on

13-07-2026T01:08:22 - [MESSAGE][PASSED] - Object: 'Object Repository/Page_cuaninowner/button_Kamera' is clicked on

13-07-2026T01:08:22 - [TEST_STEP][PASSED] - click(findTestObject("Page_cuaninowner/button_Ambil Foto")): Object: 'Object Repository/Page_cuaninowner/button_Ambil Foto' is clicked on

13-07-2026T01:08:22 - [MESSAGE][PASSED] - Object: 'Object Repository/Page_cuaninowner/button_Ambil Foto' is clicked on

13-07-2026T01:08:22 - [TEST_STEP][PASSED] - click(findTestObject("Page_cuaninowner/button_Simpan Menu")): Object: 'Object Repository/Page_cuaninowner/button_Simpan Menu' is clicked on

13-07-2026T01:08:23 - [MESSAGE][PASSED] - Object: 'Object Repository/Page_cuaninowner/button_Simpan Menu' is clicked on]]></system-out>
         <system-err><![CDATA[]]></system-err>
      </testcase>
      <testcase name="Test Cases/New Test Case" time="35.239" classname="Test Cases/New Test Case" status="PASSED">
         <properties>
            <property name="data_binding"><![CDATA[{"var_nama_baru":"Menu 6"}]]></property>
         </properties>
         <system-out><![CDATA[13-07-2026T01:08:23 - [TEST_CASE][PASSED] - Test Cases/New Test Case: Test Cases/New Test Case

13-07-2026T01:08:23 - [TEST_STEP][PASSED] - openBrowser(null): Browser is opened with url: 'null'

13-07-2026T01:08:23 - [MESSAGE][WARNING] - A browser is already opened. Closing browser and opening a new one

13-07-2026T01:08:24 - [MESSAGE][INFO] - Starting 'Chrome' driver

13-07-2026T01:08:24 - [MESSAGE][INFO] - Action delay is set to 0 milliseconds

13-07-2026T01:08:25 - [MESSAGE][PASSED] - Browser is opened with url: 'null'

13-07-2026T01:08:25 - [TEST_STEP][PASSED] - navigateToUrl("http://localhost:5173/"): Navigate to 'http://localhost:5173/' successfully

13-07-2026T01:08:25 - [MESSAGE][PASSED] - Navigate to 'http://localhost:5173/' successfully

13-07-2026T01:08:25 - [TEST_STEP][PASSED] - setText(findTestObject("Page_cuaninowner/input_namabisnis.id"), "dwitegar2121@gmail.com"): Text 'dwitegar2121@gmail.com' is set on object 'Object Repository/Page_cuaninowner/input_namabisnis.id'

13-07-2026T01:08:26 - [MESSAGE][PASSED] - Text 'dwitegar2121@gmail.com' is set on object 'Object Repository/Page_cuaninowner/input_namabisnis.id'

13-07-2026T01:08:26 - [TEST_STEP][PASSED] - setEncryptedText(findTestObject("Page_cuaninowner/input_"), "SkBtNjsS+FHxnnrRXbFqtA=="): Text ****** has been set on object 'Object Repository/Page_cuaninowner/input_'

13-07-2026T01:08:26 - [MESSAGE][PASSED] - Text ****** has been set on object 'Object Repository/Page_cuaninowner/input_'

13-07-2026T01:08:26 - [TEST_STEP][PASSED] - setEncryptedText(findTestObject("Page_cuaninowner/input__1"), "SkBtNjsS+FHxnnrRXbFqtA=="): Text ****** has been set on object 'Object Repository/Page_cuaninowner/input__1'

13-07-2026T01:08:27 - [MESSAGE][PASSED] - Text ****** has been set on object 'Object Repository/Page_cuaninowner/input__1'

13-07-2026T01:08:27 - [TEST_STEP][PASSED] - sendKeys(findTestObject("Page_cuaninowner/input__1"), Keys.chord(ENTER)): Keys 'ENTER + ' sent to object: 'Object Repository/Page_cuaninowner/input__1'

13-07-2026T01:08:27 - [MESSAGE][PASSED] - Keys 'ENTER + ' sent to object: 'Object Repository/Page_cuaninowner/input__1'

13-07-2026T01:08:27 - [TEST_STEP][PASSED] - click(findTestObject("Page_cuaninowner/span_Menu Management")): Object: 'Object Repository/Page_cuaninowner/span_Menu Management' is clicked on

13-07-2026T01:08:30 - [MESSAGE][PASSED] - Object: 'Object Repository/Page_cuaninowner/span_Menu Management' is clicked on

13-07-2026T01:08:30 - [TEST_STEP][PASSED] - click(findTestObject("Page_cuaninowner/button_Add New Item")): Object: 'Object Repository/Page_cuaninowner/button_Add New Item' is clicked on

13-07-2026T01:08:31 - [MESSAGE][PASSED] - Object: 'Object Repository/Page_cuaninowner/button_Add New Item' is clicked on

13-07-2026T01:08:31 - [TEST_STEP][PASSED] - setText(findTestObject("Page_cuaninowner/input_Contoh_ Americano Ice"), var_nama_baru): Text 'Menu 6' is set on object 'Object Repository/Page_cuaninowner/input_Contoh_ Americano Ice'

13-07-2026T01:08:32 - [MESSAGE][PASSED] - Text 'Menu 6' is set on object 'Object Repository/Page_cuaninowner/input_Contoh_ Americano Ice'

13-07-2026T01:08:32 - [TEST_STEP][PASSED] - setEncryptedText(findTestObject("Page_cuaninowner/input_"), "rLvs2r7lbdw="): Text ****** has been set on object 'Object Repository/Page_cuaninowner/input_'

13-07-2026T01:08:32 - [MESSAGE][PASSED] - Text ****** has been set on object 'Object Repository/Page_cuaninowner/input_'

13-07-2026T01:08:32 - [TEST_STEP][PASSED] - click(findTestObject("Page_cuaninowner/span_Non-Coffee")): Object: 'Object Repository/Page_cuaninowner/span_Non-Coffee' is clicked on

13-07-2026T01:08:33 - [MESSAGE][PASSED] - Object: 'Object Repository/Page_cuaninowner/span_Non-Coffee' is clicked on

13-07-2026T01:08:33 - [TEST_STEP][PASSED] - click(findTestObject("Page_cuaninowner/span_Tambah Bahan")): Object: 'Object Repository/Page_cuaninowner/span_Tambah Bahan' is clicked on

13-07-2026T01:08:33 - [MESSAGE][PASSED] - Object: 'Object Repository/Page_cuaninowner/span_Tambah Bahan' is clicked on

13-07-2026T01:08:33 - [TEST_STEP][PASSED] - selectOptionByValue(findTestObject("Page_cuaninowner/select_Pilih Stok Bahan -Air MineralAir Mineral"), "83121e1d-3522-4570-b806-31127ed0938d", false): All options with value '83121e1d-3522-4570-b806-31127ed0938d' are selected in object 'Object Repository/Page_cuaninowner/select_Pilih Stok Bahan -Air MineralAir Mineral' 

13-07-2026T01:08:34 - [MESSAGE][PASSED] - All options with value '83121e1d-3522-4570-b806-31127ed0938d' are selected in object 'Object Repository/Page_cuaninowner/select_Pilih Stok Bahan -Air MineralAir Mineral' 

13-07-2026T01:08:34 - [TEST_STEP][PASSED] - selectOptionByValue(findTestObject("Page_cuaninowner/select_Pilih Stok Bahan -Air MineralAir Mineral_1"), "8e6cce60-f6ab-459f-924f-2b1e6c79a01f", false): All options with value '8e6cce60-f6ab-459f-924f-2b1e6c79a01f' are selected in object 'Object Repository/Page_cuaninowner/select_Pilih Stok Bahan -Air MineralAir Mineral_1' 

13-07-2026T01:08:44 - [MESSAGE][WARNING] - The current locator of test object 'Object Repository/Page_cuaninowner/select_Pilih Stok Bahan -Air MineralAir Mineral_1' was broken. Propose an alternative one: '//div[@id='root']/div/div[2]/div[2]/div/div[4]/div/div[2]/div/div[2]/div[2]/div[2]/select'.

13-07-2026T01:08:44 - [MESSAGE][WARNING] - Waiting for element timed out

13-07-2026T01:08:45 - [MESSAGE][PASSED] - All options with value '8e6cce60-f6ab-459f-924f-2b1e6c79a01f' are selected in object 'Object Repository/Page_cuaninowner/select_Pilih Stok Bahan -Air MineralAir Mineral_1' 

13-07-2026T01:08:45 - [TEST_STEP][PASSED] - selectOptionByValue(findTestObject("Page_cuaninowner/select_Pilih Stok Bahan -Air MineralAir Mineral_2"), "b31a8159-969a-4ec8-a869-182f3ff8e044", false): All options with value 'b31a8159-969a-4ec8-a869-182f3ff8e044' are selected in object 'Object Repository/Page_cuaninowner/select_Pilih Stok Bahan -Air MineralAir Mineral_2' 

13-07-2026T01:08:55 - [MESSAGE][WARNING] - The current locator of test object 'Object Repository/Page_cuaninowner/select_Pilih Stok Bahan -Air MineralAir Mineral_2' was broken. Propose an alternative one: '//div[@id='root']/div/div[2]/div[2]/div/div[4]/div/div[2]/div/div[2]/div[2]/div[2]/select'.

13-07-2026T01:08:55 - [MESSAGE][WARNING] - Waiting for element timed out

13-07-2026T01:08:55 - [MESSAGE][PASSED] - All options with value 'b31a8159-969a-4ec8-a869-182f3ff8e044' are selected in object 'Object Repository/Page_cuaninowner/select_Pilih Stok Bahan -Air MineralAir Mineral_2' 

13-07-2026T01:08:55 - [TEST_STEP][PASSED] - click(findTestObject("Page_cuaninowner/input_https")): Object: 'Object Repository/Page_cuaninowner/input_https' is clicked on

13-07-2026T01:08:56 - [MESSAGE][PASSED] - Object: 'Object Repository/Page_cuaninowner/input_https' is clicked on

13-07-2026T01:08:56 - [TEST_STEP][PASSED] - click(findTestObject("Page_cuaninowner/button_Upload")): Object: 'Object Repository/Page_cuaninowner/button_Upload' is clicked on

13-07-2026T01:08:56 - [MESSAGE][PASSED] - Object: 'Object Repository/Page_cuaninowner/button_Upload' is clicked on

13-07-2026T01:08:56 - [TEST_STEP][PASSED] - click(findTestObject("Page_cuaninowner/button_Kamera")): Object: 'Object Repository/Page_cuaninowner/button_Kamera' is clicked on

13-07-2026T01:08:57 - [MESSAGE][PASSED] - Object: 'Object Repository/Page_cuaninowner/button_Kamera' is clicked on

13-07-2026T01:08:57 - [TEST_STEP][PASSED] - click(findTestObject("Page_cuaninowner/button_Ambil Foto")): Object: 'Object Repository/Page_cuaninowner/button_Ambil Foto' is clicked on

13-07-2026T01:08:58 - [MESSAGE][PASSED] - Object: 'Object Repository/Page_cuaninowner/button_Ambil Foto' is clicked on

13-07-2026T01:08:58 - [TEST_STEP][PASSED] - click(findTestObject("Page_cuaninowner/button_Simpan Menu")): Object: 'Object Repository/Page_cuaninowner/button_Simpan Menu' is clicked on

13-07-2026T01:08:58 - [MESSAGE][PASSED] - Object: 'Object Repository/Page_cuaninowner/button_Simpan Menu' is clicked on]]></system-out>
         <system-err><![CDATA[]]></system-err>
      </testcase>
      <testcase name="Test Cases/New Test Case" time="35.527" classname="Test Cases/New Test Case" status="PASSED">
         <properties>
            <property name="data_binding"><![CDATA[{"var_nama_baru":"Menu 7"}]]></property>
         </properties>
         <system-out><![CDATA[13-07-2026T01:08:58 - [TEST_CASE][PASSED] - Test Cases/New Test Case: Test Cases/New Test Case

13-07-2026T01:08:58 - [TEST_STEP][PASSED] - openBrowser(null): Browser is opened with url: 'null'

13-07-2026T01:08:58 - [MESSAGE][WARNING] - A browser is already opened. Closing browser and opening a new one

13-07-2026T01:08:59 - [MESSAGE][INFO] - Starting 'Chrome' driver

13-07-2026T01:08:59 - [MESSAGE][INFO] - Action delay is set to 0 milliseconds

13-07-2026T01:09:00 - [MESSAGE][PASSED] - Browser is opened with url: 'null'

13-07-2026T01:09:00 - [TEST_STEP][PASSED] - navigateToUrl("http://localhost:5173/"): Navigate to 'http://localhost:5173/' successfully

13-07-2026T01:09:00 - [MESSAGE][PASSED] - Navigate to 'http://localhost:5173/' successfully

13-07-2026T01:09:00 - [TEST_STEP][PASSED] - setText(findTestObject("Page_cuaninowner/input_namabisnis.id"), "dwitegar2121@gmail.com"): Text 'dwitegar2121@gmail.com' is set on object 'Object Repository/Page_cuaninowner/input_namabisnis.id'

13-07-2026T01:09:01 - [MESSAGE][PASSED] - Text 'dwitegar2121@gmail.com' is set on object 'Object Repository/Page_cuaninowner/input_namabisnis.id'

13-07-2026T01:09:01 - [TEST_STEP][PASSED] - setEncryptedText(findTestObject("Page_cuaninowner/input_"), "SkBtNjsS+FHxnnrRXbFqtA=="): Text ****** has been set on object 'Object Repository/Page_cuaninowner/input_'

13-07-2026T01:09:02 - [MESSAGE][PASSED] - Text ****** has been set on object 'Object Repository/Page_cuaninowner/input_'

13-07-2026T01:09:02 - [TEST_STEP][PASSED] - setEncryptedText(findTestObject("Page_cuaninowner/input__1"), "SkBtNjsS+FHxnnrRXbFqtA=="): Text ****** has been set on object 'Object Repository/Page_cuaninowner/input__1'

13-07-2026T01:09:02 - [MESSAGE][PASSED] - Text ****** has been set on object 'Object Repository/Page_cuaninowner/input__1'

13-07-2026T01:09:02 - [TEST_STEP][PASSED] - sendKeys(findTestObject("Page_cuaninowner/input__1"), Keys.chord(ENTER)): Keys 'ENTER + ' sent to object: 'Object Repository/Page_cuaninowner/input__1'

13-07-2026T01:09:02 - [MESSAGE][PASSED] - Keys 'ENTER + ' sent to object: 'Object Repository/Page_cuaninowner/input__1'

13-07-2026T01:09:02 - [TEST_STEP][PASSED] - click(findTestObject("Page_cuaninowner/span_Menu Management")): Object: 'Object Repository/Page_cuaninowner/span_Menu Management' is clicked on

13-07-2026T01:09:05 - [MESSAGE][PASSED] - Object: 'Object Repository/Page_cuaninowner/span_Menu Management' is clicked on

13-07-2026T01:09:05 - [TEST_STEP][PASSED] - click(findTestObject("Page_cuaninowner/button_Add New Item")): Object: 'Object Repository/Page_cuaninowner/button_Add New Item' is clicked on

13-07-2026T01:09:06 - [MESSAGE][PASSED] - Object: 'Object Repository/Page_cuaninowner/button_Add New Item' is clicked on

13-07-2026T01:09:06 - [TEST_STEP][PASSED] - setText(findTestObject("Page_cuaninowner/input_Contoh_ Americano Ice"), var_nama_baru): Text 'Menu 7' is set on object 'Object Repository/Page_cuaninowner/input_Contoh_ Americano Ice'

13-07-2026T01:09:07 - [MESSAGE][PASSED] - Text 'Menu 7' is set on object 'Object Repository/Page_cuaninowner/input_Contoh_ Americano Ice'

13-07-2026T01:09:07 - [TEST_STEP][PASSED] - setEncryptedText(findTestObject("Page_cuaninowner/input_"), "rLvs2r7lbdw="): Text ****** has been set on object 'Object Repository/Page_cuaninowner/input_'

13-07-2026T01:09:08 - [MESSAGE][PASSED] - Text ****** has been set on object 'Object Repository/Page_cuaninowner/input_'

13-07-2026T01:09:08 - [TEST_STEP][PASSED] - click(findTestObject("Page_cuaninowner/span_Non-Coffee")): Object: 'Object Repository/Page_cuaninowner/span_Non-Coffee' is clicked on

13-07-2026T01:09:08 - [MESSAGE][PASSED] - Object: 'Object Repository/Page_cuaninowner/span_Non-Coffee' is clicked on

13-07-2026T01:09:08 - [TEST_STEP][PASSED] - click(findTestObject("Page_cuaninowner/span_Tambah Bahan")): Object: 'Object Repository/Page_cuaninowner/span_Tambah Bahan' is clicked on

13-07-2026T01:09:08 - [MESSAGE][PASSED] - Object: 'Object Repository/Page_cuaninowner/span_Tambah Bahan' is clicked on

13-07-2026T01:09:08 - [TEST_STEP][PASSED] - selectOptionByValue(findTestObject("Page_cuaninowner/select_Pilih Stok Bahan -Air MineralAir Mineral"), "83121e1d-3522-4570-b806-31127ed0938d", false): All options with value '83121e1d-3522-4570-b806-31127ed0938d' are selected in object 'Object Repository/Page_cuaninowner/select_Pilih Stok Bahan -Air MineralAir Mineral' 

13-07-2026T01:09:09 - [MESSAGE][PASSED] - All options with value '83121e1d-3522-4570-b806-31127ed0938d' are selected in object 'Object Repository/Page_cuaninowner/select_Pilih Stok Bahan -Air MineralAir Mineral' 

13-07-2026T01:09:09 - [TEST_STEP][PASSED] - selectOptionByValue(findTestObject("Page_cuaninowner/select_Pilih Stok Bahan -Air MineralAir Mineral_1"), "8e6cce60-f6ab-459f-924f-2b1e6c79a01f", false): All options with value '8e6cce60-f6ab-459f-924f-2b1e6c79a01f' are selected in object 'Object Repository/Page_cuaninowner/select_Pilih Stok Bahan -Air MineralAir Mineral_1' 

13-07-2026T01:09:20 - [MESSAGE][WARNING] - The current locator of test object 'Object Repository/Page_cuaninowner/select_Pilih Stok Bahan -Air MineralAir Mineral_1' was broken. Propose an alternative one: '//div[@id='root']/div/div[2]/div[2]/div/div[4]/div/div[2]/div/div[2]/div[2]/div[2]/select'.

13-07-2026T01:09:20 - [MESSAGE][WARNING] - Waiting for element timed out

13-07-2026T01:09:20 - [MESSAGE][PASSED] - All options with value '8e6cce60-f6ab-459f-924f-2b1e6c79a01f' are selected in object 'Object Repository/Page_cuaninowner/select_Pilih Stok Bahan -Air MineralAir Mineral_1' 

13-07-2026T01:09:20 - [TEST_STEP][PASSED] - selectOptionByValue(findTestObject("Page_cuaninowner/select_Pilih Stok Bahan -Air MineralAir Mineral_2"), "b31a8159-969a-4ec8-a869-182f3ff8e044", false): All options with value 'b31a8159-969a-4ec8-a869-182f3ff8e044' are selected in object 'Object Repository/Page_cuaninowner/select_Pilih Stok Bahan -Air MineralAir Mineral_2' 

13-07-2026T01:09:30 - [MESSAGE][WARNING] - The current locator of test object 'Object Repository/Page_cuaninowner/select_Pilih Stok Bahan -Air MineralAir Mineral_2' was broken. Propose an alternative one: '//div[@id='root']/div/div[2]/div[2]/div/div[4]/div/div[2]/div/div[2]/div[2]/div[2]/select'.

13-07-2026T01:09:30 - [MESSAGE][WARNING] - Waiting for element timed out

13-07-2026T01:09:31 - [MESSAGE][PASSED] - All options with value 'b31a8159-969a-4ec8-a869-182f3ff8e044' are selected in object 'Object Repository/Page_cuaninowner/select_Pilih Stok Bahan -Air MineralAir Mineral_2' 

13-07-2026T01:09:31 - [TEST_STEP][PASSED] - click(findTestObject("Page_cuaninowner/input_https")): Object: 'Object Repository/Page_cuaninowner/input_https' is clicked on

13-07-2026T01:09:32 - [MESSAGE][PASSED] - Object: 'Object Repository/Page_cuaninowner/input_https' is clicked on

13-07-2026T01:09:32 - [TEST_STEP][PASSED] - click(findTestObject("Page_cuaninowner/button_Upload")): Object: 'Object Repository/Page_cuaninowner/button_Upload' is clicked on

13-07-2026T01:09:32 - [MESSAGE][PASSED] - Object: 'Object Repository/Page_cuaninowner/button_Upload' is clicked on

13-07-2026T01:09:32 - [TEST_STEP][PASSED] - click(findTestObject("Page_cuaninowner/button_Kamera")): Object: 'Object Repository/Page_cuaninowner/button_Kamera' is clicked on

13-07-2026T01:09:32 - [MESSAGE][PASSED] - Object: 'Object Repository/Page_cuaninowner/button_Kamera' is clicked on

13-07-2026T01:09:32 - [TEST_STEP][PASSED] - click(findTestObject("Page_cuaninowner/button_Ambil Foto")): Object: 'Object Repository/Page_cuaninowner/button_Ambil Foto' is clicked on

13-07-2026T01:09:33 - [MESSAGE][PASSED] - Object: 'Object Repository/Page_cuaninowner/button_Ambil Foto' is clicked on

13-07-2026T01:09:33 - [TEST_STEP][PASSED] - click(findTestObject("Page_cuaninowner/button_Simpan Menu")): Object: 'Object Repository/Page_cuaninowner/button_Simpan Menu' is clicked on

13-07-2026T01:09:34 - [MESSAGE][PASSED] - Object: 'Object Repository/Page_cuaninowner/button_Simpan Menu' is clicked on]]></system-out>
         <system-err><![CDATA[]]></system-err>
      </testcase>
      <testcase name="Test Cases/New Test Case" time="35.471" classname="Test Cases/New Test Case" status="PASSED">
         <properties>
            <property name="data_binding"><![CDATA[{"var_nama_baru":"Menu 8"}]]></property>
         </properties>
         <system-out><![CDATA[13-07-2026T01:09:34 - [TEST_CASE][PASSED] - Test Cases/New Test Case: Test Cases/New Test Case

13-07-2026T01:09:34 - [TEST_STEP][PASSED] - openBrowser(null): Browser is opened with url: 'null'

13-07-2026T01:09:34 - [MESSAGE][WARNING] - A browser is already opened. Closing browser and opening a new one

13-07-2026T01:09:34 - [MESSAGE][INFO] - Starting 'Chrome' driver

13-07-2026T01:09:34 - [MESSAGE][INFO] - Action delay is set to 0 milliseconds

13-07-2026T01:09:36 - [MESSAGE][PASSED] - Browser is opened with url: 'null'

13-07-2026T01:09:36 - [TEST_STEP][PASSED] - navigateToUrl("http://localhost:5173/"): Navigate to 'http://localhost:5173/' successfully

13-07-2026T01:09:36 - [MESSAGE][PASSED] - Navigate to 'http://localhost:5173/' successfully

13-07-2026T01:09:36 - [TEST_STEP][PASSED] - setText(findTestObject("Page_cuaninowner/input_namabisnis.id"), "dwitegar2121@gmail.com"): Text 'dwitegar2121@gmail.com' is set on object 'Object Repository/Page_cuaninowner/input_namabisnis.id'

13-07-2026T01:09:37 - [MESSAGE][PASSED] - Text 'dwitegar2121@gmail.com' is set on object 'Object Repository/Page_cuaninowner/input_namabisnis.id'

13-07-2026T01:09:37 - [TEST_STEP][PASSED] - setEncryptedText(findTestObject("Page_cuaninowner/input_"), "SkBtNjsS+FHxnnrRXbFqtA=="): Text ****** has been set on object 'Object Repository/Page_cuaninowner/input_'

13-07-2026T01:09:37 - [MESSAGE][PASSED] - Text ****** has been set on object 'Object Repository/Page_cuaninowner/input_'

13-07-2026T01:09:37 - [TEST_STEP][PASSED] - setEncryptedText(findTestObject("Page_cuaninowner/input__1"), "SkBtNjsS+FHxnnrRXbFqtA=="): Text ****** has been set on object 'Object Repository/Page_cuaninowner/input__1'

13-07-2026T01:09:38 - [MESSAGE][PASSED] - Text ****** has been set on object 'Object Repository/Page_cuaninowner/input__1'

13-07-2026T01:09:38 - [TEST_STEP][PASSED] - sendKeys(findTestObject("Page_cuaninowner/input__1"), Keys.chord(ENTER)): Keys 'ENTER + ' sent to object: 'Object Repository/Page_cuaninowner/input__1'

13-07-2026T01:09:38 - [MESSAGE][PASSED] - Keys 'ENTER + ' sent to object: 'Object Repository/Page_cuaninowner/input__1'

13-07-2026T01:09:38 - [TEST_STEP][PASSED] - click(findTestObject("Page_cuaninowner/span_Menu Management")): Object: 'Object Repository/Page_cuaninowner/span_Menu Management' is clicked on

13-07-2026T01:09:41 - [MESSAGE][PASSED] - Object: 'Object Repository/Page_cuaninowner/span_Menu Management' is clicked on

13-07-2026T01:09:41 - [TEST_STEP][PASSED] - click(findTestObject("Page_cuaninowner/button_Add New Item")): Object: 'Object Repository/Page_cuaninowner/button_Add New Item' is clicked on

13-07-2026T01:09:42 - [MESSAGE][PASSED] - Object: 'Object Repository/Page_cuaninowner/button_Add New Item' is clicked on

13-07-2026T01:09:42 - [TEST_STEP][PASSED] - setText(findTestObject("Page_cuaninowner/input_Contoh_ Americano Ice"), var_nama_baru): Text 'Menu 8' is set on object 'Object Repository/Page_cuaninowner/input_Contoh_ Americano Ice'

13-07-2026T01:09:43 - [MESSAGE][PASSED] - Text 'Menu 8' is set on object 'Object Repository/Page_cuaninowner/input_Contoh_ Americano Ice'

13-07-2026T01:09:43 - [TEST_STEP][PASSED] - setEncryptedText(findTestObject("Page_cuaninowner/input_"), "rLvs2r7lbdw="): Text ****** has been set on object 'Object Repository/Page_cuaninowner/input_'

13-07-2026T01:09:43 - [MESSAGE][PASSED] - Text ****** has been set on object 'Object Repository/Page_cuaninowner/input_'

13-07-2026T01:09:43 - [TEST_STEP][PASSED] - click(findTestObject("Page_cuaninowner/span_Non-Coffee")): Object: 'Object Repository/Page_cuaninowner/span_Non-Coffee' is clicked on

13-07-2026T01:09:44 - [MESSAGE][PASSED] - Object: 'Object Repository/Page_cuaninowner/span_Non-Coffee' is clicked on

13-07-2026T01:09:44 - [TEST_STEP][PASSED] - click(findTestObject("Page_cuaninowner/span_Tambah Bahan")): Object: 'Object Repository/Page_cuaninowner/span_Tambah Bahan' is clicked on

13-07-2026T01:09:44 - [MESSAGE][PASSED] - Object: 'Object Repository/Page_cuaninowner/span_Tambah Bahan' is clicked on

13-07-2026T01:09:44 - [TEST_STEP][PASSED] - selectOptionByValue(findTestObject("Page_cuaninowner/select_Pilih Stok Bahan -Air MineralAir Mineral"), "83121e1d-3522-4570-b806-31127ed0938d", false): All options with value '83121e1d-3522-4570-b806-31127ed0938d' are selected in object 'Object Repository/Page_cuaninowner/select_Pilih Stok Bahan -Air MineralAir Mineral' 

13-07-2026T01:09:45 - [MESSAGE][PASSED] - All options with value '83121e1d-3522-4570-b806-31127ed0938d' are selected in object 'Object Repository/Page_cuaninowner/select_Pilih Stok Bahan -Air MineralAir Mineral' 

13-07-2026T01:09:45 - [TEST_STEP][PASSED] - selectOptionByValue(findTestObject("Page_cuaninowner/select_Pilih Stok Bahan -Air MineralAir Mineral_1"), "8e6cce60-f6ab-459f-924f-2b1e6c79a01f", false): All options with value '8e6cce60-f6ab-459f-924f-2b1e6c79a01f' are selected in object 'Object Repository/Page_cuaninowner/select_Pilih Stok Bahan -Air MineralAir Mineral_1' 

13-07-2026T01:09:55 - [MESSAGE][WARNING] - The current locator of test object 'Object Repository/Page_cuaninowner/select_Pilih Stok Bahan -Air MineralAir Mineral_1' was broken. Propose an alternative one: '//div[@id='root']/div/div[2]/div[2]/div/div[4]/div/div[2]/div/div[2]/div[2]/div[2]/select'.

13-07-2026T01:09:55 - [MESSAGE][WARNING] - Waiting for element timed out

13-07-2026T01:09:56 - [MESSAGE][PASSED] - All options with value '8e6cce60-f6ab-459f-924f-2b1e6c79a01f' are selected in object 'Object Repository/Page_cuaninowner/select_Pilih Stok Bahan -Air MineralAir Mineral_1' 

13-07-2026T01:09:56 - [TEST_STEP][PASSED] - selectOptionByValue(findTestObject("Page_cuaninowner/select_Pilih Stok Bahan -Air MineralAir Mineral_2"), "b31a8159-969a-4ec8-a869-182f3ff8e044", false): All options with value 'b31a8159-969a-4ec8-a869-182f3ff8e044' are selected in object 'Object Repository/Page_cuaninowner/select_Pilih Stok Bahan -Air MineralAir Mineral_2' 

13-07-2026T01:10:06 - [MESSAGE][WARNING] - The current locator of test object 'Object Repository/Page_cuaninowner/select_Pilih Stok Bahan -Air MineralAir Mineral_2' was broken. Propose an alternative one: '//div[@id='root']/div/div[2]/div[2]/div/div[4]/div/div[2]/div/div[2]/div[2]/div[2]/select'.

13-07-2026T01:10:06 - [MESSAGE][WARNING] - Waiting for element timed out

13-07-2026T01:10:06 - [MESSAGE][PASSED] - All options with value 'b31a8159-969a-4ec8-a869-182f3ff8e044' are selected in object 'Object Repository/Page_cuaninowner/select_Pilih Stok Bahan -Air MineralAir Mineral_2' 

13-07-2026T01:10:06 - [TEST_STEP][PASSED] - click(findTestObject("Page_cuaninowner/input_https")): Object: 'Object Repository/Page_cuaninowner/input_https' is clicked on

13-07-2026T01:10:07 - [MESSAGE][PASSED] - Object: 'Object Repository/Page_cuaninowner/input_https' is clicked on

13-07-2026T01:10:07 - [TEST_STEP][PASSED] - click(findTestObject("Page_cuaninowner/button_Upload")): Object: 'Object Repository/Page_cuaninowner/button_Upload' is clicked on

13-07-2026T01:10:07 - [MESSAGE][PASSED] - Object: 'Object Repository/Page_cuaninowner/button_Upload' is clicked on

13-07-2026T01:10:07 - [TEST_STEP][PASSED] - click(findTestObject("Page_cuaninowner/button_Kamera")): Object: 'Object Repository/Page_cuaninowner/button_Kamera' is clicked on

13-07-2026T01:10:08 - [MESSAGE][PASSED] - Object: 'Object Repository/Page_cuaninowner/button_Kamera' is clicked on

13-07-2026T01:10:08 - [TEST_STEP][PASSED] - click(findTestObject("Page_cuaninowner/button_Ambil Foto")): Object: 'Object Repository/Page_cuaninowner/button_Ambil Foto' is clicked on

13-07-2026T01:10:09 - [MESSAGE][PASSED] - Object: 'Object Repository/Page_cuaninowner/button_Ambil Foto' is clicked on

13-07-2026T01:10:09 - [TEST_STEP][PASSED] - click(findTestObject("Page_cuaninowner/button_Simpan Menu")): Object: 'Object Repository/Page_cuaninowner/button_Simpan Menu' is clicked on

13-07-2026T01:10:09 - [MESSAGE][PASSED] - Object: 'Object Repository/Page_cuaninowner/button_Simpan Menu' is clicked on]]></system-out>
         <system-err><![CDATA[]]></system-err>
      </testcase>
      <testcase name="Test Cases/New Test Case" time="35.514" classname="Test Cases/New Test Case" status="PASSED">
         <properties>
            <property name="data_binding"><![CDATA[{"var_nama_baru":"Menu 9"}]]></property>
         </properties>
         <system-out><![CDATA[13-07-2026T01:10:09 - [TEST_CASE][PASSED] - Test Cases/New Test Case: Test Cases/New Test Case

13-07-2026T01:10:09 - [TEST_STEP][PASSED] - openBrowser(null): Browser is opened with url: 'null'

13-07-2026T01:10:09 - [MESSAGE][WARNING] - A browser is already opened. Closing browser and opening a new one

13-07-2026T01:10:10 - [MESSAGE][INFO] - Starting 'Chrome' driver

13-07-2026T01:10:10 - [MESSAGE][INFO] - Action delay is set to 0 milliseconds

13-07-2026T01:10:11 - [MESSAGE][PASSED] - Browser is opened with url: 'null'

13-07-2026T01:10:11 - [TEST_STEP][PASSED] - navigateToUrl("http://localhost:5173/"): Navigate to 'http://localhost:5173/' successfully

13-07-2026T01:10:11 - [MESSAGE][PASSED] - Navigate to 'http://localhost:5173/' successfully

13-07-2026T01:10:11 - [TEST_STEP][PASSED] - setText(findTestObject("Page_cuaninowner/input_namabisnis.id"), "dwitegar2121@gmail.com"): Text 'dwitegar2121@gmail.com' is set on object 'Object Repository/Page_cuaninowner/input_namabisnis.id'

13-07-2026T01:10:12 - [MESSAGE][PASSED] - Text 'dwitegar2121@gmail.com' is set on object 'Object Repository/Page_cuaninowner/input_namabisnis.id'

13-07-2026T01:10:12 - [TEST_STEP][PASSED] - setEncryptedText(findTestObject("Page_cuaninowner/input_"), "SkBtNjsS+FHxnnrRXbFqtA=="): Text ****** has been set on object 'Object Repository/Page_cuaninowner/input_'

13-07-2026T01:10:13 - [MESSAGE][PASSED] - Text ****** has been set on object 'Object Repository/Page_cuaninowner/input_'

13-07-2026T01:10:13 - [TEST_STEP][PASSED] - setEncryptedText(findTestObject("Page_cuaninowner/input__1"), "SkBtNjsS+FHxnnrRXbFqtA=="): Text ****** has been set on object 'Object Repository/Page_cuaninowner/input__1'

13-07-2026T01:10:13 - [MESSAGE][PASSED] - Text ****** has been set on object 'Object Repository/Page_cuaninowner/input__1'

13-07-2026T01:10:13 - [TEST_STEP][PASSED] - sendKeys(findTestObject("Page_cuaninowner/input__1"), Keys.chord(ENTER)): Keys 'ENTER + ' sent to object: 'Object Repository/Page_cuaninowner/input__1'

13-07-2026T01:10:13 - [MESSAGE][PASSED] - Keys 'ENTER + ' sent to object: 'Object Repository/Page_cuaninowner/input__1'

13-07-2026T01:10:13 - [TEST_STEP][PASSED] - click(findTestObject("Page_cuaninowner/span_Menu Management")): Object: 'Object Repository/Page_cuaninowner/span_Menu Management' is clicked on

13-07-2026T01:10:16 - [MESSAGE][PASSED] - Object: 'Object Repository/Page_cuaninowner/span_Menu Management' is clicked on

13-07-2026T01:10:16 - [TEST_STEP][PASSED] - click(findTestObject("Page_cuaninowner/button_Add New Item")): Object: 'Object Repository/Page_cuaninowner/button_Add New Item' is clicked on

13-07-2026T01:10:17 - [MESSAGE][PASSED] - Object: 'Object Repository/Page_cuaninowner/button_Add New Item' is clicked on

13-07-2026T01:10:17 - [TEST_STEP][PASSED] - setText(findTestObject("Page_cuaninowner/input_Contoh_ Americano Ice"), var_nama_baru): Text 'Menu 9' is set on object 'Object Repository/Page_cuaninowner/input_Contoh_ Americano Ice'

13-07-2026T01:10:18 - [MESSAGE][PASSED] - Text 'Menu 9' is set on object 'Object Repository/Page_cuaninowner/input_Contoh_ Americano Ice'

13-07-2026T01:10:18 - [TEST_STEP][PASSED] - setEncryptedText(findTestObject("Page_cuaninowner/input_"), "rLvs2r7lbdw="): Text ****** has been set on object 'Object Repository/Page_cuaninowner/input_'

13-07-2026T01:10:19 - [MESSAGE][PASSED] - Text ****** has been set on object 'Object Repository/Page_cuaninowner/input_'

13-07-2026T01:10:19 - [TEST_STEP][PASSED] - click(findTestObject("Page_cuaninowner/span_Non-Coffee")): Object: 'Object Repository/Page_cuaninowner/span_Non-Coffee' is clicked on

13-07-2026T01:10:19 - [MESSAGE][PASSED] - Object: 'Object Repository/Page_cuaninowner/span_Non-Coffee' is clicked on

13-07-2026T01:10:19 - [TEST_STEP][PASSED] - click(findTestObject("Page_cuaninowner/span_Tambah Bahan")): Object: 'Object Repository/Page_cuaninowner/span_Tambah Bahan' is clicked on

13-07-2026T01:10:19 - [MESSAGE][PASSED] - Object: 'Object Repository/Page_cuaninowner/span_Tambah Bahan' is clicked on

13-07-2026T01:10:19 - [TEST_STEP][PASSED] - selectOptionByValue(findTestObject("Page_cuaninowner/select_Pilih Stok Bahan -Air MineralAir Mineral"), "83121e1d-3522-4570-b806-31127ed0938d", false): All options with value '83121e1d-3522-4570-b806-31127ed0938d' are selected in object 'Object Repository/Page_cuaninowner/select_Pilih Stok Bahan -Air MineralAir Mineral' 

13-07-2026T01:10:20 - [MESSAGE][PASSED] - All options with value '83121e1d-3522-4570-b806-31127ed0938d' are selected in object 'Object Repository/Page_cuaninowner/select_Pilih Stok Bahan -Air MineralAir Mineral' 

13-07-2026T01:10:20 - [TEST_STEP][PASSED] - selectOptionByValue(findTestObject("Page_cuaninowner/select_Pilih Stok Bahan -Air MineralAir Mineral_1"), "8e6cce60-f6ab-459f-924f-2b1e6c79a01f", false): All options with value '8e6cce60-f6ab-459f-924f-2b1e6c79a01f' are selected in object 'Object Repository/Page_cuaninowner/select_Pilih Stok Bahan -Air MineralAir Mineral_1' 

13-07-2026T01:10:31 - [MESSAGE][WARNING] - The current locator of test object 'Object Repository/Page_cuaninowner/select_Pilih Stok Bahan -Air MineralAir Mineral_1' was broken. Propose an alternative one: '//div[@id='root']/div/div[2]/div[2]/div/div[4]/div/div[2]/div/div[2]/div[2]/div[2]/select'.

13-07-2026T01:10:31 - [MESSAGE][WARNING] - Waiting for element timed out

13-07-2026T01:10:31 - [MESSAGE][PASSED] - All options with value '8e6cce60-f6ab-459f-924f-2b1e6c79a01f' are selected in object 'Object Repository/Page_cuaninowner/select_Pilih Stok Bahan -Air MineralAir Mineral_1' 

13-07-2026T01:10:31 - [TEST_STEP][PASSED] - selectOptionByValue(findTestObject("Page_cuaninowner/select_Pilih Stok Bahan -Air MineralAir Mineral_2"), "b31a8159-969a-4ec8-a869-182f3ff8e044", false): All options with value 'b31a8159-969a-4ec8-a869-182f3ff8e044' are selected in object 'Object Repository/Page_cuaninowner/select_Pilih Stok Bahan -Air MineralAir Mineral_2' 

13-07-2026T01:10:41 - [MESSAGE][WARNING] - The current locator of test object 'Object Repository/Page_cuaninowner/select_Pilih Stok Bahan -Air MineralAir Mineral_2' was broken. Propose an alternative one: '//div[@id='root']/div/div[2]/div[2]/div/div[4]/div/div[2]/div/div[2]/div[2]/div[2]/select'.

13-07-2026T01:10:41 - [MESSAGE][WARNING] - Waiting for element timed out

13-07-2026T01:10:42 - [MESSAGE][PASSED] - All options with value 'b31a8159-969a-4ec8-a869-182f3ff8e044' are selected in object 'Object Repository/Page_cuaninowner/select_Pilih Stok Bahan -Air MineralAir Mineral_2' 

13-07-2026T01:10:42 - [TEST_STEP][PASSED] - click(findTestObject("Page_cuaninowner/input_https")): Object: 'Object Repository/Page_cuaninowner/input_https' is clicked on

13-07-2026T01:10:43 - [MESSAGE][PASSED] - Object: 'Object Repository/Page_cuaninowner/input_https' is clicked on

13-07-2026T01:10:43 - [TEST_STEP][PASSED] - click(findTestObject("Page_cuaninowner/button_Upload")): Object: 'Object Repository/Page_cuaninowner/button_Upload' is clicked on

13-07-2026T01:10:43 - [MESSAGE][PASSED] - Object: 'Object Repository/Page_cuaninowner/button_Upload' is clicked on

13-07-2026T01:10:43 - [TEST_STEP][PASSED] - click(findTestObject("Page_cuaninowner/button_Kamera")): Object: 'Object Repository/Page_cuaninowner/button_Kamera' is clicked on

13-07-2026T01:10:43 - [MESSAGE][PASSED] - Object: 'Object Repository/Page_cuaninowner/button_Kamera' is clicked on

13-07-2026T01:10:43 - [TEST_STEP][PASSED] - click(findTestObject("Page_cuaninowner/button_Ambil Foto")): Object: 'Object Repository/Page_cuaninowner/button_Ambil Foto' is clicked on

13-07-2026T01:10:44 - [MESSAGE][PASSED] - Object: 'Object Repository/Page_cuaninowner/button_Ambil Foto' is clicked on

13-07-2026T01:10:44 - [TEST_STEP][PASSED] - click(findTestObject("Page_cuaninowner/button_Simpan Menu")): Object: 'Object Repository/Page_cuaninowner/button_Simpan Menu' is clicked on

13-07-2026T01:10:45 - [MESSAGE][PASSED] - Object: 'Object Repository/Page_cuaninowner/button_Simpan Menu' is clicked on]]></system-out>
         <system-err><![CDATA[]]></system-err>
      </testcase>
      <testcase name="Test Cases/New Test Case" time="35.459" classname="Test Cases/New Test Case" status="PASSED">
         <properties>
            <property name="data_binding"><![CDATA[{"var_nama_baru":"Menu 10"}]]></property>
         </properties>
         <system-out><![CDATA[13-07-2026T01:10:45 - [TEST_CASE][PASSED] - Test Cases/New Test Case: Test Cases/New Test Case

13-07-2026T01:10:45 - [TEST_STEP][PASSED] - openBrowser(null): Browser is opened with url: 'null'

13-07-2026T01:10:45 - [MESSAGE][WARNING] - A browser is already opened. Closing browser and opening a new one

13-07-2026T01:10:45 - [MESSAGE][INFO] - Starting 'Chrome' driver

13-07-2026T01:10:45 - [MESSAGE][INFO] - Action delay is set to 0 milliseconds

13-07-2026T01:10:47 - [MESSAGE][PASSED] - Browser is opened with url: 'null'

13-07-2026T01:10:47 - [TEST_STEP][PASSED] - navigateToUrl("http://localhost:5173/"): Navigate to 'http://localhost:5173/' successfully

13-07-2026T01:10:47 - [MESSAGE][PASSED] - Navigate to 'http://localhost:5173/' successfully

13-07-2026T01:10:47 - [TEST_STEP][PASSED] - setText(findTestObject("Page_cuaninowner/input_namabisnis.id"), "dwitegar2121@gmail.com"): Text 'dwitegar2121@gmail.com' is set on object 'Object Repository/Page_cuaninowner/input_namabisnis.id'

13-07-2026T01:10:48 - [MESSAGE][PASSED] - Text 'dwitegar2121@gmail.com' is set on object 'Object Repository/Page_cuaninowner/input_namabisnis.id'

13-07-2026T01:10:48 - [TEST_STEP][PASSED] - setEncryptedText(findTestObject("Page_cuaninowner/input_"), "SkBtNjsS+FHxnnrRXbFqtA=="): Text ****** has been set on object 'Object Repository/Page_cuaninowner/input_'

13-07-2026T01:10:48 - [MESSAGE][PASSED] - Text ****** has been set on object 'Object Repository/Page_cuaninowner/input_'

13-07-2026T01:10:48 - [TEST_STEP][PASSED] - setEncryptedText(findTestObject("Page_cuaninowner/input__1"), "SkBtNjsS+FHxnnrRXbFqtA=="): Text ****** has been set on object 'Object Repository/Page_cuaninowner/input__1'

13-07-2026T01:10:49 - [MESSAGE][PASSED] - Text ****** has been set on object 'Object Repository/Page_cuaninowner/input__1'

13-07-2026T01:10:49 - [TEST_STEP][PASSED] - sendKeys(findTestObject("Page_cuaninowner/input__1"), Keys.chord(ENTER)): Keys 'ENTER + ' sent to object: 'Object Repository/Page_cuaninowner/input__1'

[...]

13-07-2026T01:21:41 - [MESSAGE][WARNING] - Waiting for element timed out

13-07-2026T01:21:42 - [MESSAGE][PASSED] - All options with value '8e6cce60-f6ab-459f-924f-2b1e6c79a01f' are selected in object 'Object Repository/Page_cuaninowner/select_Pilih Stok Bahan -Air MineralAir Mineral_1' 

13-07-2026T01:21:42 - [TEST_STEP][PASSED] - selectOptionByValue(findTestObject("Page_cuaninowner/select_Pilih Stok Bahan -Air MineralAir Mineral_2"), "b31a8159-969a-4ec8-a869-182f3ff8e044", false): All options with value 'b31a8159-969a-4ec8-a869-182f3ff8e044' are selected in object 'Object Repository/Page_cuaninowner/select_Pilih Stok Bahan -Air MineralAir Mineral_2' 

13-07-2026T01:21:52 - [MESSAGE][WARNING] - The current locator of test object 'Object Repository/Page_cuaninowner/select_Pilih Stok Bahan -Air MineralAir Mineral_2' was broken. Propose an alternative one: '//div[@id='root']/div/div[2]/div[2]/div/div[4]/div/div[2]/div/div[2]/div[2]/div[2]/select'.

13-07-2026T01:21:52 - [MESSAGE][WARNING] - Waiting for element timed out

13-07-2026T01:21:52 - [MESSAGE][PASSED] - All options with value 'b31a8159-969a-4ec8-a869-182f3ff8e044' are selected in object 'Object Repository/Page_cuaninowner/select_Pilih Stok Bahan -Air MineralAir Mineral_2' 

13-07-2026T01:21:52 - [TEST_STEP][PASSED] - click(findTestObject("Page_cuaninowner/input_https")): Object: 'Object Repository/Page_cuaninowner/input_https' is clicked on

13-07-2026T01:21:53 - [MESSAGE][PASSED] - Object: 'Object Repository/Page_cuaninowner/input_https' is clicked on

13-07-2026T01:21:53 - [TEST_STEP][PASSED] - click(findTestObject("Page_cuaninowner/button_Upload")): Object: 'Object Repository/Page_cuaninowner/button_Upload' is clicked on

13-07-2026T01:21:53 - [MESSAGE][PASSED] - Object: 'Object Repository/Page_cuaninowner/button_Upload' is clicked on

13-07-2026T01:21:53 - [TEST_STEP][PASSED] - click(findTestObject("Page_cuaninowner/button_Kamera")): Object: 'Object Repository/Page_cuaninowner/button_Kamera' is clicked on

13-07-2026T01:21:54 - [MESSAGE][PASSED] - Object: 'Object Repository/Page_cuaninowner/button_Kamera' is clicked on

13-07-2026T01:21:54 - [TEST_STEP][PASSED] - click(findTestObject("Page_cuaninowner/button_Ambil Foto")): Object: 'Object Repository/Page_cuaninowner/button_Ambil Foto' is clicked on

13-07-2026T01:21:55 - [MESSAGE][PASSED] - Object: 'Object Repository/Page_cuaninowner/button_Ambil Foto' is clicked on

13-07-2026T01:21:55 - [TEST_STEP][PASSED] - click(findTestObject("Page_cuaninowner/button_Simpan Menu")): Object: 'Object Repository/Page_cuaninowner/button_Simpan Menu' is clicked on

13-07-2026T01:21:55 - [MESSAGE][PASSED] - Object: 'Object Repository/Page_cuaninowner/button_Simpan Menu' is clicked on]]></system-out>
         <system-err><![CDATA[]]></system-err>
      </testcase>
      <testcase name="Test Cases/New Test Case" time="35.38" classname="Test Cases/New Test Case" status="PASSED">
         <properties>
            <property name="data_binding"><![CDATA[{"var_nama_baru":"Menu 29"}]]></property>
         </properties>
         <system-out><![CDATA[13-07-2026T01:21:55 - [TEST_CASE][PASSED] - Test Cases/New Test Case: Test Cases/New Test Case

13-07-2026T01:21:55 - [TEST_STEP][PASSED] - openBrowser(null): Browser is opened with url: 'null'

13-07-2026T01:21:55 - [MESSAGE][WARNING] - A browser is already opened. Closing browser and opening a new one

13-07-2026T01:21:56 - [MESSAGE][INFO] - Starting 'Chrome' driver

13-07-2026T01:21:56 - [MESSAGE][INFO] - Action delay is set to 0 milliseconds

13-07-2026T01:21:57 - [MESSAGE][PASSED] - Browser is opened with url: 'null'

13-07-2026T01:21:57 - [TEST_STEP][PASSED] - navigateToUrl("http://localhost:5173/"): Navigate to 'http://localhost:5173/' successfully

13-07-2026T01:21:57 - [MESSAGE][PASSED] - Navigate to 'http://localhost:5173/' successfully

13-07-2026T01:21:57 - [TEST_STEP][PASSED] - setText(findTestObject("Page_cuaninowner/input_namabisnis.id"), "dwitegar2121@gmail.com"): Text 'dwitegar2121@gmail.com' is set on object 'Object Repository/Page_cuaninowner/input_namabisnis.id'

13-07-2026T01:21:58 - [MESSAGE][PASSED] - Text 'dwitegar2121@gmail.com' is set on object 'Object Repository/Page_cuaninowner/input_namabisnis.id'

13-07-2026T01:21:58 - [TEST_STEP][PASSED] - setEncryptedText(findTestObject("Page_cuaninowner/input_"), "SkBtNjsS+FHxnnrRXbFqtA=="): Text ****** has been set on object 'Object Repository/Page_cuaninowner/input_'

13-07-2026T01:21:59 - [MESSAGE][PASSED] - Text ****** has been set on object 'Object Repository/Page_cuaninowner/input_'

13-07-2026T01:21:59 - [TEST_STEP][PASSED] - setEncryptedText(findTestObject("Page_cuaninowner/input__1"), "SkBtNjsS+FHxnnrRXbFqtA=="): Text ****** has been set on object 'Object Repository/Page_cuaninowner/input__1'

13-07-2026T01:21:59 - [MESSAGE][PASSED] - Text ****** has been set on object 'Object Repository/Page_cuaninowner/input__1'

13-07-2026T01:21:59 - [TEST_STEP][PASSED] - sendKeys(findTestObject("Page_cuaninowner/input__1"), Keys.chord(ENTER)): Keys 'ENTER + ' sent to object: 'Object Repository/Page_cuaninowner/input__1'

13-07-2026T01:21:59 - [MESSAGE][PASSED] - Keys 'ENTER + ' sent to object: 'Object Repository/Page_cuaninowner/input__1'

13-07-2026T01:21:59 - [TEST_STEP][PASSED] - click(findTestObject("Page_cuaninowner/span_Menu Management")): Object: 'Object Repository/Page_cuaninowner/span_Menu Management' is clicked on

13-07-2026T01:22:02 - [MESSAGE][PASSED] - Object: 'Object Repository/Page_cuaninowner/span_Menu Management' is clicked on

13-07-2026T01:22:02 - [TEST_STEP][PASSED] - click(findTestObject("Page_cuaninowner/button_Add New Item")): Object: 'Object Repository/Page_cuaninowner/button_Add New Item' is clicked on

13-07-2026T01:22:03 - [MESSAGE][PASSED] - Object: 'Object Repository/Page_cuaninowner/button_Add New Item' is clicked on

13-07-2026T01:22:03 - [TEST_STEP][PASSED] - setText(findTestObject("Page_cuaninowner/input_Contoh_ Americano Ice"), var_nama_baru): Text 'Menu 29' is set on object 'Object Repository/Page_cuaninowner/input_Contoh_ Americano Ice'

13-07-2026T01:22:04 - [MESSAGE][PASSED] - Text 'Menu 29' is set on object 'Object Repository/Page_cuaninowner/input_Contoh_ Americano Ice'

13-07-2026T01:22:04 - [TEST_STEP][PASSED] - setEncryptedText(findTestObject("Page_cuaninowner/input_"), "rLvs2r7lbdw="): Text ****** has been set on object 'Object Repository/Page_cuaninowner/input_'

13-07-2026T01:22:05 - [MESSAGE][PASSED] - Text ****** has been set on object 'Object Repository/Page_cuaninowner/input_'

13-07-2026T01:22:05 - [TEST_STEP][PASSED] - click(findTestObject("Page_cuaninowner/span_Non-Coffee")): Object: 'Object Repository/Page_cuaninowner/span_Non-Coffee' is clicked on

13-07-2026T01:22:05 - [MESSAGE][PASSED] - Object: 'Object Repository/Page_cuaninowner/span_Non-Coffee' is clicked on

13-07-2026T01:22:05 - [TEST_STEP][PASSED] - click(findTestObject("Page_cuaninowner/span_Tambah Bahan")): Object: 'Object Repository/Page_cuaninowner/span_Tambah Bahan' is clicked on

13-07-2026T01:22:05 - [MESSAGE][PASSED] - Object: 'Object Repository/Page_cuaninowner/span_Tambah Bahan' is clicked on

13-07-2026T01:22:05 - [TEST_STEP][PASSED] - selectOptionByValue(findTestObject("Page_cuaninowner/select_Pilih Stok Bahan -Air MineralAir Mineral"), "83121e1d-3522-4570-b806-31127ed0938d", false): All options with value '83121e1d-3522-4570-b806-31127ed0938d' are selected in object 'Object Repository/Page_cuaninowner/select_Pilih Stok Bahan -Air MineralAir Mineral' 

13-07-2026T01:22:06 - [MESSAGE][PASSED] - All options with value '83121e1d-3522-4570-b806-31127ed0938d' are selected in object 'Object Repository/Page_cuaninowner/select_Pilih Stok Bahan -Air MineralAir Mineral' 

13-07-2026T01:22:06 - [TEST_STEP][PASSED] - selectOptionByValue(findTestObject("Page_cuaninowner/select_Pilih Stok Bahan -Air MineralAir Mineral_1"), "8e6cce60-f6ab-459f-924f-2b1e6c79a01f", false): All options with value '8e6cce60-f6ab-459f-924f-2b1e6c79a01f' are selected in object 'Object Repository/Page_cuaninowner/select_Pilih Stok Bahan -Air MineralAir Mineral_1' 

13-07-2026T01:22:17 - [MESSAGE][WARNING] - The current locator of test object 'Object Repository/Page_cuaninowner/select_Pilih Stok Bahan -Air MineralAir Mineral_1' was broken. Propose an alternative one: '//div[@id='root']/div/div[2]/div[2]/div/div[4]/div/div[2]/div/div[2]/div[2]/div[2]/select'.

13-07-2026T01:22:17 - [MESSAGE][WARNING] - Waiting for element timed out

13-07-2026T01:22:17 - [MESSAGE][PASSED] - All options with value '8e6cce60-f6ab-459f-924f-2b1e6c79a01f' are selected in object 'Object Repository/Page_cuaninowner/select_Pilih Stok Bahan -Air MineralAir Mineral_1' 

13-07-2026T01:22:17 - [TEST_STEP][PASSED] - selectOptionByValue(findTestObject("Page_cuaninowner/select_Pilih Stok Bahan -Air MineralAir Mineral_2"), "b31a8159-969a-4ec8-a869-182f3ff8e044", false): All options with value 'b31a8159-969a-4ec8-a869-182f3ff8e044' are selected in object 'Object Repository/Page_cuaninowner/select_Pilih Stok Bahan -Air MineralAir Mineral_2' 

13-07-2026T01:22:27 - [MESSAGE][WARNING] - The current locator of test object 'Object Repository/Page_cuaninowner/select_Pilih Stok Bahan -Air MineralAir Mineral_2' was broken. Propose an alternative one: '//div[@id='root']/div/div[2]/div[2]/div/div[4]/div/div[2]/div/div[2]/div[2]/div[2]/select'.

13-07-2026T01:22:27 - [MESSAGE][WARNING] - Waiting for element timed out

13-07-2026T01:22:28 - [MESSAGE][PASSED] - All options with value 'b31a8159-969a-4ec8-a869-182f3ff8e044' are selected in object 'Object Repository/Page_cuaninowner/select_Pilih Stok Bahan -Air MineralAir Mineral_2' 

13-07-2026T01:22:28 - [TEST_STEP][PASSED] - click(findTestObject("Page_cuaninowner/input_https")): Object: 'Object Repository/Page_cuaninowner/input_https' is clicked on

13-07-2026T01:22:28 - [MESSAGE][PASSED] - Object: 'Object Repository/Page_cuaninowner/input_https' is clicked on

13-07-2026T01:22:28 - [TEST_STEP][PASSED] - click(findTestObject("Page_cuaninowner/button_Upload")): Object: 'Object Repository/Page_cuaninowner/button_Upload' is clicked on

13-07-2026T01:22:29 - [MESSAGE][PASSED] - Object: 'Object Repository/Page_cuaninowner/button_Upload' is clicked on

13-07-2026T01:22:29 - [TEST_STEP][PASSED] - click(findTestObject("Page_cuaninowner/button_Kamera")): Object: 'Object Repository/Page_cuaninowner/button_Kamera' is clicked on

13-07-2026T01:22:29 - [MESSAGE][PASSED] - Object: 'Object Repository/Page_cuaninowner/button_Kamera' is clicked on

13-07-2026T01:22:29 - [TEST_STEP][PASSED] - click(findTestObject("Page_cuaninowner/button_Ambil Foto")): Object: 'Object Repository/Page_cuaninowner/button_Ambil Foto' is clicked on

13-07-2026T01:22:30 - [MESSAGE][PASSED] - Object: 'Object Repository/Page_cuaninowner/button_Ambil Foto' is clicked on

13-07-2026T01:22:30 - [TEST_STEP][PASSED] - click(findTestObject("Page_cuaninowner/button_Simpan Menu")): Object: 'Object Repository/Page_cuaninowner/button_Simpan Menu' is clicked on

13-07-2026T01:22:30 - [MESSAGE][PASSED] - Object: 'Object Repository/Page_cuaninowner/button_Simpan Menu' is clicked on]]></system-out>
         <system-err><![CDATA[]]></system-err>
      </testcase>
      <testcase name="Test Cases/New Test Case" time="35.385" classname="Test Cases/New Test Case" status="PASSED">
         <properties>
            <property name="data_binding"><![CDATA[{"var_nama_baru":"Menu 30"}]]></property>
         </properties>
         <system-out><![CDATA[13-07-2026T01:22:31 - [TEST_CASE][PASSED] - Test Cases/New Test Case: Test Cases/New Test Case

13-07-2026T01:22:31 - [TEST_STEP][PASSED] - openBrowser(null): Browser is opened with url: 'null'

13-07-2026T01:22:31 - [MESSAGE][WARNING] - A browser is already opened. Closing browser and opening a new one

13-07-2026T01:22:31 - [MESSAGE][INFO] - Starting 'Chrome' driver

13-07-2026T01:22:31 - [MESSAGE][INFO] - Action delay is set to 0 milliseconds

13-07-2026T01:22:32 - [MESSAGE][PASSED] - Browser is opened with url: 'null'

13-07-2026T01:22:32 - [TEST_STEP][PASSED] - navigateToUrl("http://localhost:5173/"): Navigate to 'http://localhost:5173/' successfully

13-07-2026T01:22:33 - [MESSAGE][PASSED] - Navigate to 'http://localhost:5173/' successfully

13-07-2026T01:22:33 - [TEST_STEP][PASSED] - setText(findTestObject("Page_cuaninowner/input_namabisnis.id"), "dwitegar2121@gmail.com"): Text 'dwitegar2121@gmail.com' is set on object 'Object Repository/Page_cuaninowner/input_namabisnis.id'

13-07-2026T01:22:34 - [MESSAGE][PASSED] - Text 'dwitegar2121@gmail.com' is set on object 'Object Repository/Page_cuaninowner/input_namabisnis.id'

13-07-2026T01:22:34 - [TEST_STEP][PASSED] - setEncryptedText(findTestObject("Page_cuaninowner/input_"), "SkBtNjsS+FHxnnrRXbFqtA=="): Text ****** has been set on object 'Object Repository/Page_cuaninowner/input_'

13-07-2026T01:22:34 - [MESSAGE][PASSED] - Text ****** has been set on object 'Object Repository/Page_cuaninowner/input_'

13-07-2026T01:22:34 - [TEST_STEP][PASSED] - setEncryptedText(findTestObject("Page_cuaninowner/input__1"), "SkBtNjsS+FHxnnrRXbFqtA=="): Text ****** has been set on object 'Object Repository/Page_cuaninowner/input__1'

13-07-2026T01:22:34 - [MESSAGE][PASSED] - Text ****** has been set on object 'Object Repository/Page_cuaninowner/input__1'

13-07-2026T01:22:34 - [TEST_STEP][PASSED] - sendKeys(findTestObject("Page_cuaninowner/input__1"), Keys.chord(ENTER)): Keys 'ENTER + ' sent to object: 'Object Repository/Page_cuaninowner/input__1'

13-07-2026T01:22:35 - [MESSAGE][PASSED] - Keys 'ENTER + ' sent to object: 'Object Repository/Page_cuaninowner/input__1'

13-07-2026T01:22:35 - [TEST_STEP][PASSED] - click(findTestObject("Page_cuaninowner/span_Menu Management")): Object: 'Object Repository/Page_cuaninowner/span_Menu Management' is clicked on

13-07-2026T01:22:37 - [MESSAGE][PASSED] - Object: 'Object Repository/Page_cuaninowner/span_Menu Management' is clicked on

13-07-2026T01:22:37 - [TEST_STEP][PASSED] - click(findTestObject("Page_cuaninowner/button_Add New Item")): Object: 'Object Repository/Page_cuaninowner/button_Add New Item' is clicked on

13-07-2026T01:22:38 - [MESSAGE][PASSED] - Object: 'Object Repository/Page_cuaninowner/button_Add New Item' is clicked on

13-07-2026T01:22:38 - [TEST_STEP][PASSED] - setText(findTestObject("Page_cuaninowner/input_Contoh_ Americano Ice"), var_nama_baru): Text 'Menu 30' is set on object 'Object Repository/Page_cuaninowner/input_Contoh_ Americano Ice'

13-07-2026T01:22:39 - [MESSAGE][PASSED] - Text 'Menu 30' is set on object 'Object Repository/Page_cuaninowner/input_Contoh_ Americano Ice'

13-07-2026T01:22:39 - [TEST_STEP][PASSED] - setEncryptedText(findTestObject("Page_cuaninowner/input_"), "rLvs2r7lbdw="): Text ****** has been set on object 'Object Repository/Page_cuaninowner/input_'

13-07-2026T01:22:40 - [MESSAGE][PASSED] - Text ****** has been set on object 'Object Repository/Page_cuaninowner/input_'

13-07-2026T01:22:40 - [TEST_STEP][PASSED] - click(findTestObject("Page_cuaninowner/span_Non-Coffee")): Object: 'Object Repository/Page_cuaninowner/span_Non-Coffee' is clicked on

13-07-2026T01:22:40 - [MESSAGE][PASSED] - Object: 'Object Repository/Page_cuaninowner/span_Non-Coffee' is clicked on

13-07-2026T01:22:40 - [TEST_STEP][PASSED] - click(findTestObject("Page_cuaninowner/span_Tambah Bahan")): Object: 'Object Repository/Page_cuaninowner/span_Tambah Bahan' is clicked on

13-07-2026T01:22:41 - [MESSAGE][PASSED] - Object: 'Object Repository/Page_cuaninowner/span_Tambah Bahan' is clicked on

13-07-2026T01:22:41 - [TEST_STEP][PASSED] - selectOptionByValue(findTestObject("Page_cuaninowner/select_Pilih Stok Bahan -Air MineralAir Mineral"), "83121e1d-3522-4570-b806-31127ed0938d", false): All options with value '83121e1d-3522-4570-b806-31127ed0938d' are selected in object 'Object Repository/Page_cuaninowner/select_Pilih Stok Bahan -Air MineralAir Mineral' 

13-07-2026T01:22:42 - [MESSAGE][PASSED] - All options with value '83121e1d-3522-4570-b806-31127ed0938d' are selected in object 'Object Repository/Page_cuaninowner/select_Pilih Stok Bahan -Air MineralAir Mineral' 

13-07-2026T01:22:42 - [TEST_STEP][PASSED] - selectOptionByValue(findTestObject("Page_cuaninowner/select_Pilih Stok Bahan -Air MineralAir Mineral_1"), "8e6cce60-f6ab-459f-924f-2b1e6c79a01f", false): All options with value '8e6cce60-f6ab-459f-924f-2b1e6c79a01f' are selected in object 'Object Repository/Page_cuaninowner/select_Pilih Stok Bahan -Air MineralAir Mineral_1' 

13-07-2026T01:22:52 - [MESSAGE][WARNING] - The current locator of test object 'Object Repository/Page_cuaninowner/select_Pilih Stok Bahan -Air MineralAir Mineral_1' was broken. Propose an alternative one: '//div[@id='root']/div/div[2]/div[2]/div/div[4]/div/div[2]/div/div[2]/div[2]/div[2]/select'.

13-07-2026T01:22:52 - [MESSAGE][WARNING] - Waiting for element timed out

13-07-2026T01:22:52 - [MESSAGE][PASSED] - All options with value '8e6cce60-f6ab-459f-924f-2b1e6c79a01f' are selected in object 'Object Repository/Page_cuaninowner/select_Pilih Stok Bahan -Air MineralAir Mineral_1' 

13-07-2026T01:22:52 - [TEST_STEP][PASSED] - selectOptionByValue(findTestObject("Page_cuaninowner/select_Pilih Stok Bahan -Air MineralAir Mineral_2"), "b31a8159-969a-4ec8-a869-182f3ff8e044", false): All options with value 'b31a8159-969a-4ec8-a869-182f3ff8e044' are selected in object 'Object Repository/Page_cuaninowner/select_Pilih Stok Bahan -Air MineralAir Mineral_2' 

13-07-2026T01:23:03 - [MESSAGE][WARNING] - The current locator of test object 'Object Repository/Page_cuaninowner/select_Pilih Stok Bahan -Air MineralAir Mineral_2' was broken. Propose an alternative one: '//div[@id='root']/div/div[2]/div[2]/div/div[4]/div/div[2]/div/div[2]/div[2]/div[2]/select'.

13-07-2026T01:23:03 - [MESSAGE][WARNING] - Waiting for element timed out

13-07-2026T01:23:03 - [MESSAGE][PASSED] - All options with value 'b31a8159-969a-4ec8-a869-182f3ff8e044' are selected in object 'Object Repository/Page_cuaninowner/select_Pilih Stok Bahan -Air MineralAir Mineral_2' 

13-07-2026T01:23:03 - [TEST_STEP][PASSED] - click(findTestObject("Page_cuaninowner/input_https")): Object: 'Object Repository/Page_cuaninowner/input_https' is clicked on

13-07-2026T01:23:04 - [MESSAGE][PASSED] - Object: 'Object Repository/Page_cuaninowner/input_https' is clicked on

13-07-2026T01:23:04 - [TEST_STEP][PASSED] - click(findTestObject("Page_cuaninowner/button_Upload")): Object: 'Object Repository/Page_cuaninowner/button_Upload' is clicked on

13-07-2026T01:23:04 - [MESSAGE][PASSED] - Object: 'Object Repository/Page_cuaninowner/button_Upload' is clicked on

13-07-2026T01:23:04 - [TEST_STEP][PASSED] - click(findTestObject("Page_cuaninowner/button_Kamera")): Object: 'Object Repository/Page_cuaninowner/button_Kamera' is clicked on

13-07-2026T01:23:05 - [MESSAGE][PASSED] - Object: 'Object Repository/Page_cuaninowner/button_Kamera' is clicked on

13-07-2026T01:23:05 - [TEST_STEP][PASSED] - click(findTestObject("Page_cuaninowner/button_Ambil Foto")): Object: 'Object Repository/Page_cuaninowner/button_Ambil Foto' is clicked on

13-07-2026T01:23:05 - [MESSAGE][PASSED] - Object: 'Object Repository/Page_cuaninowner/button_Ambil Foto' is clicked on

13-07-2026T01:23:05 - [TEST_STEP][PASSED] - click(findTestObject("Page_cuaninowner/button_Simpan Menu")): Object: 'Object Repository/Page_cuaninowner/button_Simpan Menu' is clicked on

13-07-2026T01:23:06 - [MESSAGE][PASSED] - Object: 'Object Repository/Page_cuaninowner/button_Simpan Menu' is clicked on]]></system-out>
         <system-err><![CDATA[]]></system-err>
      </testcase>
      <system-out><![CDATA[13-07-2026T01:05:22 - [TEST_SUITE][PASSED] - testsuitanyar: null]]></system-out>
      <system-err><![CDATA[]]></system-err>
   </testsuite>
</testsuites>
